Using pre-set license
Built from '2020.3/staging' branch; Version is '2020.3.11f1 (99c7afb366b3) revision 10078127'; Using compiler version '192528614'; Build Type 'Release'
OS: 'Windows 10 Home; OS build 18363.1556; Version 1909; 64bit' Language: 'en' Physical Memory: 8043 MB
BatchMode: 1, IsHumanControllingUs: 0, StartBugReporterOnCrash: 0, Is64bit: 1, IsPro: 0

 COMMAND LINE ARGUMENTS:
C:\Program Files\Unity\Hub\Editor\2020.3.11f1\Editor\Unity.exe
-adb2
-batchMode
-noUpm
-name
AssetImportWorker2
-projectPath
C:/Users/Nathan/Desktop/CoolBakingGame
-logFile
Logs/AssetImportWorker2.log
-srvPort
53450
Successfully changed project path to: C:/Users/Nathan/Desktop/CoolBakingGame
C:/Users/Nathan/Desktop/CoolBakingGame
Using Asset Import Pipeline V2.
Refreshing native plugins compatible for Editor in 126.80 ms, found 3 plugins.
Preloading 0 native plugins for Editor in 0.00 ms.
Initialize engine version: 2020.3.11f1 (99c7afb366b3)
[Subsystems] Discovering subsystems at path C:/Program Files/Unity/Hub/Editor/2020.3.11f1/Editor/Data/Resources/UnitySubsystems
[Subsystems] Discovering subsystems at path C:/Users/Nathan/Desktop/CoolBakingGame/Assets
GfxDevice: creating device client; threaded=0
Direct3D:
    Version:  Direct3D 11.0 [level 11.1]
    Renderer: Intel(R) HD Graphics 520 (ID=0x1916)
    Vendor:   
    VRAM:     4021 MB
    Driver:   26.20.100.7986
Initialize mono
Mono path[0] = 'C:/Program Files/Unity/Hub/Editor/2020.3.11f1/Editor/Data/Managed'
Mono path[1] = 'C:/Program Files/Unity/Hub/Editor/2020.3.11f1/Editor/Data/MonoBleedingEdge/lib/mono/unityjit'
Mono config path = 'C:/Program Files/Unity/Hub/Editor/2020.3.11f1/Editor/Data/MonoBleedingEdge/etc'
Using monoOptions --debugger-agent=transport=dt_socket,embedding=1,server=y,suspend=n,address=127.0.0.1:56912
Begin MonoManager ReloadAssembly
Registering precompiled unity dll's ...
Register platform support module: C:/Program Files/Unity/Hub/Editor/2020.3.11f1/Editor/Data/PlaybackEngines/WindowsStandaloneSupport/UnityEditor.WindowsStandalone.Extensions.dll
Registered in 0.018212 seconds.
Native extension for WindowsStandalone target not found
Refreshing native plugins compatible for Editor in 129.37 ms, found 3 plugins.
Preloading 0 native plugins for Editor in 0.00 ms.
Mono: successfully reloaded assembly
- Completed reload, in  9.544 seconds
Platform modules already initialized, skipping
Registering precompiled user dll's ...
Registered in 0.015414 seconds.
Begin MonoManager ReloadAssembly
Native extension for WindowsStandalone target not found
Refreshing native plugins compatible for Editor in 185.89 ms, found 3 plugins.
Preloading 0 native plugins for Editor in 0.00 ms.
Mono: successfully reloaded assembly
- Completed reload, in  4.561 seconds
Platform modules already initialized, skipping
========================================================================
Worker process is ready to serve import requests
Launched and connected shader compiler UnityShaderCompiler.exe after 0.39 seconds
Refreshing native plugins compatible for Editor in 0.91 ms, found 3 plugins.
Preloading 0 native plugins for Editor in 0.00 ms.
Unloading 2108 Unused Serialized files (Serialized files now loaded: 0)
System memory in use before: 93.7 MB.
System memory in use after: 93.6 MB.

Unloading 33 unused Assets to reduce memory usage. Loaded Objects now: 2541.
Total: 13.183000 ms (FindLiveObjects: 0.676100 ms CreateObjectMapping: 0.285900 ms MarkObjects: 11.598200 ms  DeleteObjects: 0.620700 ms)

========================================================================
Received Import Request.
  path: Assets/Scripts/Food.cs
  artifactKey: Guid(9045a3a35eabe7246be8c94ba68d6b05) Importer(815301076,1909f56bfc062723c751e8b465ee728b)
Start importing Assets/Scripts/Food.cs using Guid(9045a3a35eabe7246be8c94ba68d6b05) Importer(815301076,1909f56bfc062723c751e8b465ee728b)  -> (artifact id: '3687bcf0461afe279c0597856301a2ce') in 0.321043 seconds
  Import took 0.336294 seconds .

========================================================================
Received Prepare
Registering precompiled user dll's ...
Registered in 0.056018 seconds.
Begin MonoManager ReloadAssembly
Native extension for WindowsStandalone target not found
Refreshing native plugins compatible for Editor in 1.67 ms, found 3 plugins.
Preloading 0 native plugins for Editor in 0.00 ms.
Mono: successfully reloaded assembly
- Completed reload, in  3.831 seconds
Platform modules already initialized, skipping
Refreshing native plugins compatible for Editor in 0.68 ms, found 3 plugins.
Preloading 0 native plugins for Editor in 0.00 ms.
Unloading 2103 Unused Serialized files (Serialized files now loaded: 0)
System memory in use before: 93.6 MB.
System memory in use after: 93.6 MB.

Unloading 21 unused Assets to reduce memory usage. Loaded Objects now: 2544.
Total: 3.671600 ms (FindLiveObjects: 0.325100 ms CreateObjectMapping: 0.136900 ms MarkObjects: 3.063100 ms  DeleteObjects: 0.144900 ms)

========================================================================
Received Import Request.
  Time since last request: 143.237695 seconds.
  path: Assets/FoodIconPack/PNG
  artifactKey: Guid(8935e2e3a46b7d0469f811b396606e7b) Importer(815301076,1909f56bfc062723c751e8b465ee728b)
Start importing Assets/FoodIconPack/PNG using Guid(8935e2e3a46b7d0469f811b396606e7b) Importer(815301076,1909f56bfc062723c751e8b465ee728b)  -> (artifact id: '56aa100b090fa46227087ab22a5c23e9') in 0.333661 seconds
  Import took 0.359550 seconds .

========================================================================
Received Import Request.
  Time since last request: 78.547119 seconds.
  path: Assets/FoodIconPack/PNG/addons
  artifactKey: Guid(d1b89df891da4df468dc619c2e6791d9) Importer(815301076,1909f56bfc062723c751e8b465ee728b)
Start importing Assets/FoodIconPack/PNG/addons using Guid(d1b89df891da4df468dc619c2e6791d9) Importer(815301076,1909f56bfc062723c751e8b465ee728b)  -> (artifact id: 'ea9f7923db7db77aa634a158a7ee71be') in 0.496172 seconds
  Import took 0.520367 seconds .

========================================================================
Received Prepare
Registering precompiled user dll's ...
Registered in 0.022962 seconds.
Begin MonoManager ReloadAssembly
Native extension for WindowsStandalone target not found
Refreshing native plugins compatible for Editor in 0.75 ms, found 3 plugins.
Preloading 0 native plugins for Editor in 0.00 ms.
Mono: successfully reloaded assembly
- Completed reload, in  6.380 seconds
Platform modules already initialized, skipping
Refreshing native plugins compatible for Editor in 0.71 ms, found 3 plugins.
Preloading 0 native plugins for Editor in 0.00 ms.
Unloading 2103 Unused Serialized files (Serialized files now loaded: 0)
System memory in use before: 93.7 MB.
System memory in use after: 93.6 MB.

Unloading 21 unused Assets to reduce memory usage. Loaded Objects now: 2547.
Total: 16.107400 ms (FindLiveObjects: 0.622400 ms CreateObjectMapping: 0.430900 ms MarkObjects: 14.394600 ms  DeleteObjects: 0.656700 ms)

========================================================================
Received Import Request.
  Time since last request: 153.837700 seconds.
  path: Assets/Scripts/SpriteHolder.cs
  artifactKey: Guid(c07232df8ef13504fb44dd528b258517) Importer(815301076,1909f56bfc062723c751e8b465ee728b)
Start importing Assets/Scripts/SpriteHolder.cs using Guid(c07232df8ef13504fb44dd528b258517) Importer(815301076,1909f56bfc062723c751e8b465ee728b)  -> (artifact id: 'a73784be92d0c3acf492133d5c6a8dd5') in 4.927548 seconds
  Import took 4.972013 seconds .

========================================================================
Received Prepare
Registering precompiled user dll's ...
Registered in 0.331331 seconds.
Begin MonoManager ReloadAssembly
Native extension for WindowsStandalone target not found
Refreshing native plugins compatible for Editor in 1.11 ms, found 3 plugins.
Preloading 0 native plugins for Editor in 0.00 ms.
Mono: successfully reloaded assembly
- Completed reload, in  7.938 seconds
Platform modules already initialized, skipping
Refreshing native plugins compatible for Editor in 1.56 ms, found 3 plugins.
Preloading 0 native plugins for Editor in 0.00 ms.
Unloading 2104 Unused Serialized files (Serialized files now loaded: 0)
System memory in use before: 93.7 MB.
System memory in use after: 93.7 MB.

Unloading 21 unused Assets to reduce memory usage. Loaded Objects now: 2551.
Total: 909.656600 ms (FindLiveObjects: 157.566500 ms CreateObjectMapping: 2.543500 ms MarkObjects: 583.510100 ms  DeleteObjects: 166.033200 ms)

========================================================================
Received Import Request.
  Time since last request: 2233.730648 seconds.
  path: Assets/Scripts/SpriteHolder.cs
  artifactKey: Guid(c07232df8ef13504fb44dd528b258517) Importer(815301076,1909f56bfc062723c751e8b465ee728b)
Start importing Assets/Scripts/SpriteHolder.cs using Guid(c07232df8ef13504fb44dd528b258517) Importer(815301076,1909f56bfc062723c751e8b465ee728b)  -> (artifact id: '7b6ea91e8a3eecdd04dd563f67e64a16') in 1.060746 seconds
  Import took 2.127894 seconds .

========================================================================
Received Prepare
Registering precompiled user dll's ...
Registered in 0.041824 seconds.
Begin MonoManager ReloadAssembly
Native extension for WindowsStandalone target not found
Refreshing native plugins compatible for Editor in 2.63 ms, found 3 plugins.
Preloading 0 native plugins for Editor in 0.00 ms.
Mono: successfully reloaded assembly
- Completed reload, in  6.425 seconds
Platform modules already initialized, skipping
Refreshing native plugins compatible for Editor in 0.91 ms, found 3 plugins.
Preloading 0 native plugins for Editor in 0.00 ms.
Unloading 2104 Unused Serialized files (Serialized files now loaded: 0)
System memory in use before: 93.7 MB.
System memory in use after: 93.7 MB.

Unloading 21 unused Assets to reduce memory usage. Loaded Objects now: 2554.
Total: 14.678800 ms (FindLiveObjects: 1.331400 ms CreateObjectMapping: 0.717700 ms MarkObjects: 11.959600 ms  DeleteObjects: 0.667000 ms)

========================================================================
Received Prepare
Registering precompiled user dll's ...
Registered in 0.224386 seconds.
Begin MonoManager ReloadAssembly
Native extension for WindowsStandalone target not found
Refreshing native plugins compatible for Editor in 1.94 ms, found 3 plugins.
Preloading 0 native plugins for Editor in 0.00 ms.
Mono: successfully reloaded assembly
- Completed reload, in  4.272 seconds
Platform modules already initialized, skipping
Refreshing native plugins compatible for Editor in 3.76 ms, found 3 plugins.
Preloading 0 native plugins for Editor in 0.00 ms.
Unloading 2104 Unused Serialized files (Serialized files now loaded: 0)
System memory in use before: 93.7 MB.
System memory in use after: 93.7 MB.

Unloading 21 unused Assets to reduce memory usage. Loaded Objects now: 2557.
Total: 16.803800 ms (FindLiveObjects: 1.643800 ms CreateObjectMapping: 0.331300 ms MarkObjects: 13.919800 ms  DeleteObjects: 0.905200 ms)

========================================================================
Received Prepare
Registering precompiled user dll's ...
Registered in 0.034583 seconds.
Begin MonoManager ReloadAssembly
Native extension for WindowsStandalone target not found
Refreshing native plugins compatible for Editor in 2.08 ms, found 3 plugins.
Preloading 0 native plugins for Editor in 0.00 ms.
Mono: successfully reloaded assembly
- Completed reload, in  7.723 seconds
Platform modules already initialized, skipping
Refreshing native plugins compatible for Editor in 1.36 ms, found 3 plugins.
Preloading 0 native plugins for Editor in 0.00 ms.
Unloading 2104 Unused Serialized files (Serialized files now loaded: 0)
System memory in use before: 93.7 MB.
System memory in use after: 93.7 MB.

Unloading 21 unused Assets to reduce memory usage. Loaded Objects now: 2560.
Total: 14.514600 ms (FindLiveObjects: 2.679600 ms CreateObjectMapping: 0.532700 ms MarkObjects: 10.934800 ms  DeleteObjects: 0.363500 ms)

========================================================================
Received Prepare
Registering precompiled user dll's ...
Registered in 0.040768 seconds.
Begin MonoManager ReloadAssembly
Native extension for WindowsStandalone target not found
Refreshing native plugins compatible for Editor in 3.50 ms, found 3 plugins.
Preloading 0 native plugins for Editor in 0.00 ms.
Mono: successfully reloaded assembly
- Completed reload, in 10.328 seconds
Platform modules already initialized, skipping
Refreshing native plugins compatible for Editor in 0.63 ms, found 3 plugins.
Preloading 0 native plugins for Editor in 0.00 ms.
Unloading 2104 Unused Serialized files (Serialized files now loaded: 0)
System memory in use before: 93.7 MB.
System memory in use after: 93.7 MB.

Unloading 21 unused Assets to reduce memory usage. Loaded Objects now: 2563.
Total: 5.930400 ms (FindLiveObjects: 0.331300 ms CreateObjectMapping: 0.168300 ms MarkObjects: 5.075700 ms  DeleteObjects: 0.352800 ms)

========================================================================
Received Import Request.
  Time since last request: 64773.084388 seconds.
  path: Assets/Scripts/GameManager.cs
  artifactKey: Guid(cadfeeba1bd864649bf86e361b4c5ddd) Importer(815301076,1909f56bfc062723c751e8b465ee728b)
Start importing Assets/Scripts/GameManager.cs using Guid(cadfeeba1bd864649bf86e361b4c5ddd) Importer(815301076,1909f56bfc062723c751e8b465ee728b)  -> (artifact id: '19dbbdc384603e7911d9f14898b8a67d') in 1.472938 seconds
  Import took 2.675556 seconds .

========================================================================
Received Import Request.
  Time since last request: 1642.781956 seconds.
  path: Assets/Scripts/GameManager.cs
  artifactKey: Guid(cadfeeba1bd864649bf86e361b4c5ddd) Importer(815301076,1909f56bfc062723c751e8b465ee728b)
Start importing Assets/Scripts/GameManager.cs using Guid(cadfeeba1bd864649bf86e361b4c5ddd) Importer(815301076,1909f56bfc062723c751e8b465ee728b)  -> (artifact id: 'd7db34c9865eb054643d5458c17d36f9') in 0.235248 seconds
  Import took 1.386222 seconds .

========================================================================
Received Prepare
Registering precompiled user dll's ...
Registered in 0.370814 seconds.
Begin MonoManager ReloadAssembly
Native extension for WindowsStandalone target not found
Refreshing native plugins compatible for Editor in 1.14 ms, found 3 plugins.
Preloading 0 native plugins for Editor in 0.00 ms.
Mono: successfully reloaded assembly
- Completed reload, in 10.553 seconds
Platform modules already initialized, skipping
Refreshing native plugins compatible for Editor in 3.84 ms, found 3 plugins.
Preloading 0 native plugins for Editor in 0.00 ms.
Unloading 2104 Unused Serialized files (Serialized files now loaded: 0)
System memory in use before: 93.7 MB.
System memory in use after: 93.7 MB.

Unloading 21 unused Assets to reduce memory usage. Loaded Objects now: 2566.
Total: 31.244600 ms (FindLiveObjects: 11.377100 ms CreateObjectMapping: 0.463800 ms MarkObjects: 18.793300 ms  DeleteObjects: 0.520200 ms)

========================================================================
Received Import Request.
  Time since last request: 289.012026 seconds.
  path: Assets/Scripts/GameManager.cs
  artifactKey: Guid(cadfeeba1bd864649bf86e361b4c5ddd) Importer(815301076,1909f56bfc062723c751e8b465ee728b)
Start importing Assets/Scripts/GameManager.cs using Guid(cadfeeba1bd864649bf86e361b4c5ddd) Importer(815301076,1909f56bfc062723c751e8b465ee728b)  -> (artifact id: 'a2effb266cd7686b4bebd344ea57e815') in 0.150610 seconds
  Import took 0.189656 seconds .

========================================================================
Received Import Request.
  Time since last request: 0.045892 seconds.
  path: Assets/Scripts/GameManager.cs
  artifactKey: Guid(cadfeeba1bd864649bf86e361b4c5ddd) Importer(815301076,1909f56bfc062723c751e8b465ee728b)
Start importing Assets/Scripts/GameManager.cs using Guid(cadfeeba1bd864649bf86e361b4c5ddd) Importer(815301076,1909f56bfc062723c751e8b465ee728b)  -> (artifact id: 'a2effb266cd7686b4bebd344ea57e815') in 0.087100 seconds
  Import took 0.105975 seconds .

========================================================================
Received Prepare
Registering precompiled user dll's ...
Registered in 0.091700 seconds.
Begin MonoManager ReloadAssembly
Native extension for WindowsStandalone target not found
Refreshing native plugins compatible for Editor in 15.81 ms, found 3 plugins.
Preloading 0 native plugins for Editor in 0.00 ms.
Mono: successfully reloaded assembly
- Completed reload, in  5.317 seconds
Platform modules already initialized, skipping
Refreshing native plugins compatible for Editor in 1.09 ms, found 3 plugins.
Preloading 0 native plugins for Editor in 0.00 ms.
Unloading 2104 Unused Serialized files (Serialized files now loaded: 0)
System memory in use before: 93.7 MB.
System memory in use after: 93.7 MB.

Unloading 21 unused Assets to reduce memory usage. Loaded Objects now: 2569.
Total: 3.181200 ms (FindLiveObjects: 0.275900 ms CreateObjectMapping: 0.106200 ms MarkObjects: 2.642200 ms  DeleteObjects: 0.155500 ms)

========================================================================
Received Prepare
Registering precompiled user dll's ...
Registered in 0.111497 seconds.
Begin MonoManager ReloadAssembly
Native extension for WindowsStandalone target not found
Refreshing native plugins compatible for Editor in 1.53 ms, found 3 plugins.
Preloading 0 native plugins for Editor in 0.00 ms.
Mono: successfully reloaded assembly
- Completed reload, in 12.462 seconds
Platform modules already initialized, skipping
Refreshing native plugins compatible for Editor in 0.96 ms, found 3 plugins.
Preloading 0 native plugins for Editor in 0.00 ms.
Unloading 2104 Unused Serialized files (Serialized files now loaded: 0)
System memory in use before: 93.8 MB.
System memory in use after: 93.7 MB.

Unloading 21 unused Assets to reduce memory usage. Loaded Objects now: 2572.
Total: 21.706200 ms (FindLiveObjects: 1.481500 ms CreateObjectMapping: 0.259500 ms MarkObjects: 19.054200 ms  DeleteObjects: 0.907500 ms)

========================================================================
Received Import Request.
  Time since last request: 339.597403 seconds.
  path: Assets/Scripts/GameManager.cs
  artifactKey: Guid(cadfeeba1bd864649bf86e361b4c5ddd) Importer(815301076,1909f56bfc062723c751e8b465ee728b)
Start importing Assets/Scripts/GameManager.cs using Guid(cadfeeba1bd864649bf86e361b4c5ddd) Importer(815301076,1909f56bfc062723c751e8b465ee728b)  -> (artifact id: '340b7a1319e5b874fb49964db46c380e') in 0.092293 seconds
  Import took 0.114058 seconds .

========================================================================
Received Prepare
Registering precompiled user dll's ...
Registered in 0.033903 seconds.
Begin MonoManager ReloadAssembly
Native extension for WindowsStandalone target not found
Refreshing native plugins compatible for Editor in 6.86 ms, found 3 plugins.
Preloading 0 native plugins for Editor in 0.00 ms.
Mono: successfully reloaded assembly
- Completed reload, in 14.826 seconds
Platform modules already initialized, skipping
Refreshing native plugins compatible for Editor in 1.59 ms, found 3 plugins.
Preloading 0 native plugins for Editor in 0.00 ms.
Unloading 2104 Unused Serialized files (Serialized files now loaded: 0)
System memory in use before: 93.8 MB.
System memory in use after: 93.7 MB.

Unloading 21 unused Assets to reduce memory usage. Loaded Objects now: 2575.
Total: 16.315700 ms (FindLiveObjects: 1.033700 ms CreateObjectMapping: 0.424800 ms MarkObjects: 13.879100 ms  DeleteObjects: 0.972200 ms)

========================================================================
Received Import Request.
  Time since last request: 4435.447043 seconds.
  path: Assets/Scripts/QuitCommand.cs
  artifactKey: Guid(cb02056a28deaf94b8e11afe467fc9f7) Importer(815301076,1909f56bfc062723c751e8b465ee728b)
Start importing Assets/Scripts/QuitCommand.cs using Guid(cb02056a28deaf94b8e11afe467fc9f7) Importer(815301076,1909f56bfc062723c751e8b465ee728b)  -> (artifact id: 'a679bff20392d2223d17ae1082df9537') in 0.105136 seconds
  Import took 0.118104 seconds .

========================================================================
Received Prepare
Registering precompiled user dll's ...
Registered in 0.043410 seconds.
Begin MonoManager ReloadAssembly
Native extension for WindowsStandalone target not found
Refreshing native plugins compatible for Editor in 3.94 ms, found 3 plugins.
Preloading 0 native plugins for Editor in 0.00 ms.
Mono: successfully reloaded assembly
- Completed reload, in  4.521 seconds
Platform modules already initialized, skipping
Refreshing native plugins compatible for Editor in 1.03 ms, found 3 plugins.
Preloading 0 native plugins for Editor in 0.00 ms.
Unloading 2104 Unused Serialized files (Serialized files now loaded: 0)
System memory in use before: 93.8 MB.
System memory in use after: 93.8 MB.

Unloading 21 unused Assets to reduce memory usage. Loaded Objects now: 2578.
Total: 17.435600 ms (FindLiveObjects: 0.984400 ms CreateObjectMapping: 0.243700 ms MarkObjects: 15.233500 ms  DeleteObjects: 0.970400 ms)

========================================================================
Received Prepare
Registering precompiled user dll's ...
Registered in 0.017770 seconds.
Begin MonoManager ReloadAssembly
Native extension for WindowsStandalone target not found
Refreshing native plugins compatible for Editor in 2.42 ms, found 3 plugins.
Preloading 0 native plugins for Editor in 0.00 ms.
Mono: successfully reloaded assembly
- Completed reload, in  4.420 seconds
Platform modules already initialized, skipping
Refreshing native plugins compatible for Editor in 0.70 ms, found 3 plugins.
Preloading 0 native plugins for Editor in 0.00 ms.
Unloading 2104 Unused Serialized files (Serialized files now loaded: 0)
System memory in use before: 93.8 MB.
System memory in use after: 93.8 MB.

Unloading 21 unused Assets to reduce memory usage. Loaded Objects now: 2581.
Total: 3.420300 ms (FindLiveObjects: 0.266000 ms CreateObjectMapping: 0.113200 ms MarkObjects: 2.861900 ms  DeleteObjects: 0.177600 ms)

========================================================================
Received Prepare
Registering precompiled user dll's ...
Registered in 0.041719 seconds.
Begin MonoManager ReloadAssembly
Native extension for WindowsStandalone target not found
Refreshing native plugins compatible for Editor in 0.80 ms, found 3 plugins.
Preloading 0 native plugins for Editor in 0.00 ms.
Mono: successfully reloaded assembly
- Completed reload, in  9.287 seconds
Platform modules already initialized, skipping
Refreshing native plugins compatible for Editor in 0.71 ms, found 3 plugins.
Preloading 0 native plugins for Editor in 0.00 ms.
Unloading 2104 Unused Serialized files (Serialized files now loaded: 0)
System memory in use before: 93.8 MB.
System memory in use after: 93.8 MB.

Unloading 21 unused Assets to reduce memory usage. Loaded Objects now: 2584.
Total: 5.157000 ms (FindLiveObjects: 0.295600 ms CreateObjectMapping: 0.132100 ms MarkObjects: 4.565300 ms  DeleteObjects: 0.162100 ms)

========================================================================
Received Prepare
Registering precompiled user dll's ...
Registered in 0.012413 seconds.
Begin MonoManager ReloadAssembly
Native extension for WindowsStandalone target not found
Refreshing native plugins compatible for Editor in 0.64 ms, found 3 plugins.
Preloading 0 native plugins for Editor in 0.00 ms.
Mono: successfully reloaded assembly
- Completed reload, in  8.810 seconds
Platform modules already initialized, skipping
Refreshing native plugins compatible for Editor in 1.35 ms, found 3 plugins.
Preloading 0 native plugins for Editor in 0.00 ms.
Unloading 2104 Unused Serialized files (Serialized files now loaded: 0)
System memory in use before: 93.8 MB.
System memory in use after: 93.8 MB.

Unloading 21 unused Assets to reduce memory usage. Loaded Objects now: 2587.
Total: 16.480100 ms (FindLiveObjects: 0.606600 ms CreateObjectMapping: 0.414000 ms MarkObjects: 15.139400 ms  DeleteObjects: 0.316100 ms)

========================================================================
Received Prepare
Registering precompiled user dll's ...
Registered in 0.091398 seconds.
Begin MonoManager ReloadAssembly
Native extension for WindowsStandalone target not found
Refreshing native plugins compatible for Editor in 1.84 ms, found 3 plugins.
Preloading 0 native plugins for Editor in 0.00 ms.
Mono: successfully reloaded assembly
- Completed reload, in  4.595 seconds
Platform modules already initialized, skipping
Refreshing native plugins compatible for Editor in 1.09 ms, found 3 plugins.
Preloading 0 native plugins for Editor in 0.00 ms.
Unloading 2104 Unused Serialized files (Serialized files now loaded: 0)
System memory in use before: 93.8 MB.
System memory in use after: 93.8 MB.

Unloading 21 unused Assets to reduce memory usage. Loaded Objects now: 2590.
Total: 9.077900 ms (FindLiveObjects: 0.369600 ms CreateObjectMapping: 0.181200 ms MarkObjects: 7.883500 ms  DeleteObjects: 0.641600 ms)

========================================================================
Received Prepare
Registering precompiled user dll's ...
Registered in 0.016534 seconds.
Begin MonoManager ReloadAssembly
Native extension for WindowsStandalone target not found
Refreshing native plugins compatible for Editor in 0.62 ms, found 3 plugins.
Preloading 0 native plugins for Editor in 0.00 ms.
Mono: successfully reloaded assembly
- Completed reload, in  3.096 seconds
Platform modules already initialized, skipping
Refreshing native plugins compatible for Editor in 7.56 ms, found 3 plugins.
Preloading 0 native plugins for Editor in 0.00 ms.
Unloading 2104 Unused Serialized files (Serialized files now loaded: 0)
System memory in use before: 93.8 MB.
System memory in use after: 93.8 MB.

Unloading 21 unused Assets to reduce memory usage. Loaded Objects now: 2593.
Total: 5.769600 ms (FindLiveObjects: 0.572400 ms CreateObjectMapping: 0.167900 ms MarkObjects: 4.815600 ms  DeleteObjects: 0.210300 ms)

========================================================================
Received Prepare
Registering precompiled user dll's ...
Registered in 0.023669 seconds.
Begin MonoManager ReloadAssembly
Native extension for WindowsStandalone target not found
Refreshing native plugins compatible for Editor in 1.41 ms, found 3 plugins.
Preloading 0 native plugins for Editor in 0.00 ms.
Mono: successfully reloaded assembly
- Completed reload, in  3.073 seconds
Platform modules already initialized, skipping
Refreshing native plugins compatible for Editor in 0.60 ms, found 3 plugins.
Preloading 0 native plugins for Editor in 0.00 ms.
Unloading 2104 Unused Serialized files (Serialized files now loaded: 0)
System memory in use before: 93.8 MB.
System memory in use after: 93.8 MB.

Unloading 21 unused Assets to reduce memory usage. Loaded Objects now: 2596.
Total: 18.190700 ms (FindLiveObjects: 0.832100 ms CreateObjectMapping: 0.162600 ms MarkObjects: 16.768800 ms  DeleteObjects: 0.424400 ms)

========================================================================
Received Prepare
Registering precompiled user dll's ...
Registered in 0.016771 seconds.
Begin MonoManager ReloadAssembly
Native extension for WindowsStandalone target not found
Refreshing native plugins compatible for Editor in 0.75 ms, found 3 plugins.
Preloading 0 native plugins for Editor in 0.00 ms.
Mono: successfully reloaded assembly
- Completed reload, in  3.216 seconds
Platform modules already initialized, skipping
Refreshing native plugins compatible for Editor in 1.11 ms, found 3 plugins.
Preloading 0 native plugins for Editor in 0.00 ms.
Unloading 2104 Unused Serialized files (Serialized files now loaded: 0)
System memory in use before: 93.8 MB.
System memory in use after: 93.8 MB.

Unloading 21 unused Assets to reduce memory usage. Loaded Objects now: 2599.
Total: 3.331100 ms (FindLiveObjects: 0.344800 ms CreateObjectMapping: 0.095700 ms MarkObjects: 2.723200 ms  DeleteObjects: 0.163700 ms)

========================================================================
Received Prepare
Registering precompiled user dll's ...
Registered in 0.052740 seconds.
Begin MonoManager ReloadAssembly
Native extension for WindowsStandalone target not found
Refreshing native plugins compatible for Editor in 0.74 ms, found 3 plugins.
Preloading 0 native plugins for Editor in 0.00 ms.
Mono: successfully reloaded assembly
- Completed reload, in  2.187 seconds
Platform modules already initialized, skipping
Refreshing native plugins compatible for Editor in 0.62 ms, found 3 plugins.
Preloading 0 native plugins for Editor in 0.00 ms.
Unloading 2104 Unused Serialized files (Serialized files now loaded: 0)
System memory in use before: 93.8 MB.
System memory in use after: 93.8 MB.

Unloading 21 unused Assets to reduce memory usage. Loaded Objects now: 2602.
Total: 3.592200 ms (FindLiveObjects: 0.462100 ms CreateObjectMapping: 0.134800 ms MarkObjects: 2.687800 ms  DeleteObjects: 0.303400 ms)

========================================================================
Received Prepare
Registering precompiled user dll's ...
Registered in 0.017815 seconds.
Begin MonoManager ReloadAssembly
Native extension for WindowsStandalone target not found
Refreshing native plugins compatible for Editor in 4.89 ms, found 3 plugins.
Preloading 0 native plugins for Editor in 0.00 ms.
Mono: successfully reloaded assembly
- Completed reload, in  4.911 seconds
Platform modules already initialized, skipping
Refreshing native plugins compatible for Editor in 1.05 ms, found 3 plugins.
Preloading 0 native plugins for Editor in 0.00 ms.
Unloading 2104 Unused Serialized files (Serialized files now loaded: 0)
System memory in use before: 93.8 MB.
System memory in use after: 93.8 MB.

Unloading 21 unused Assets to reduce memory usage. Loaded Objects now: 2605.
Total: 3.341600 ms (FindLiveObjects: 0.292200 ms CreateObjectMapping: 0.114300 ms MarkObjects: 2.613300 ms  DeleteObjects: 0.320400 ms)

========================================================================
Received Prepare
Registering precompiled user dll's ...
Registered in 0.017546 seconds.
Begin MonoManager ReloadAssembly
Native extension for WindowsStandalone target not found
Refreshing native plugins compatible for Editor in 0.64 ms, found 3 plugins.
Preloading 0 native plugins for Editor in 0.00 ms.
Mono: successfully reloaded assembly
- Completed reload, in  3.643 seconds
Platform modules already initialized, skipping
Refreshing native plugins compatible for Editor in 1.74 ms, found 3 plugins.
Preloading 0 native plugins for Editor in 0.00 ms.
Unloading 2104 Unused Serialized files (Serialized files now loaded: 0)
System memory in use before: 93.8 MB.
System memory in use after: 93.8 MB.

Unloading 21 unused Assets to reduce memory usage. Loaded Objects now: 2608.
Total: 3.971600 ms (FindLiveObjects: 0.282400 ms CreateObjectMapping: 0.119400 ms MarkObjects: 3.401200 ms  DeleteObjects: 0.166900 ms)

========================================================================
Received Prepare
Registering precompiled user dll's ...
Registered in 0.020224 seconds.
Begin MonoManager ReloadAssembly
Native extension for WindowsStandalone target not found
Refreshing native plugins compatible for Editor in 0.91 ms, found 3 plugins.
Preloading 0 native plugins for Editor in 0.00 ms.
Mono: successfully reloaded assembly
- Completed reload, in  4.379 seconds
Platform modules already initialized, skipping
Refreshing native plugins compatible for Editor in 10.11 ms, found 3 plugins.
Preloading 0 native plugins for Editor in 0.00 ms.
Unloading 2104 Unused Serialized files (Serialized files now loaded: 0)
System memory in use before: 93.9 MB.
System memory in use after: 93.8 MB.

Unloading 21 unused Assets to reduce memory usage. Loaded Objects now: 2611.
Total: 9.937400 ms (FindLiveObjects: 0.648800 ms CreateObjectMapping: 0.382900 ms MarkObjects: 7.991300 ms  DeleteObjects: 0.909700 ms)

========================================================================
Received Prepare
Registering precompiled user dll's ...
Registered in 0.020341 seconds.
Begin MonoManager ReloadAssembly
Native extension for WindowsStandalone target not found
Refreshing native plugins compatible for Editor in 1.46 ms, found 3 plugins.
Preloading 0 native plugins for Editor in 0.00 ms.
Mono: successfully reloaded assembly
- Completed reload, in  4.690 seconds
Platform modules already initialized, skipping
Refreshing native plugins compatible for Editor in 0.66 ms, found 3 plugins.
Preloading 0 native plugins for Editor in 0.00 ms.
Unloading 2104 Unused Serialized files (Serialized files now loaded: 0)
System memory in use before: 93.9 MB.
System memory in use after: 93.8 MB.

Unloading 21 unused Assets to reduce memory usage. Loaded Objects now: 2614.
Total: 3.613100 ms (FindLiveObjects: 0.275400 ms CreateObjectMapping: 0.092400 ms MarkObjects: 2.991800 ms  DeleteObjects: 0.252100 ms)

========================================================================
Received Prepare
Registering precompiled user dll's ...
Registered in 0.022793 seconds.
Begin MonoManager ReloadAssembly
Native extension for WindowsStandalone target not found
Refreshing native plugins compatible for Editor in 1.15 ms, found 3 plugins.
Preloading 0 native plugins for Editor in 0.00 ms.
Mono: successfully reloaded assembly
- Completed reload, in  8.488 seconds
Platform modules already initialized, skipping
Refreshing native plugins compatible for Editor in 0.70 ms, found 3 plugins.
Preloading 0 native plugins for Editor in 0.00 ms.
Unloading 2104 Unused Serialized files (Serialized files now loaded: 0)
System memory in use before: 93.9 MB.
System memory in use after: 93.9 MB.

Unloading 21 unused Assets to reduce memory usage. Loaded Objects now: 2617.
Total: 3.509400 ms (FindLiveObjects: 0.294600 ms CreateObjectMapping: 0.121300 ms MarkObjects: 2.815400 ms  DeleteObjects: 0.276100 ms)

========================================================================
Received Prepare
Registering precompiled user dll's ...
Registered in 0.531075 seconds.
Begin MonoManager ReloadAssembly
Native extension for WindowsStandalone target not found
Refreshing native plugins compatible for Editor in 2.38 ms, found 3 plugins.
Preloading 0 native plugins for Editor in 0.00 ms.
Mono: successfully reloaded assembly
- Completed reload, in  9.905 seconds
Platform modules already initialized, skipping
Refreshing native plugins compatible for Editor in 1.13 ms, found 3 plugins.
Preloading 0 native plugins for Editor in 0.00 ms.
Unloading 2104 Unused Serialized files (Serialized files now loaded: 0)
System memory in use before: 93.9 MB.
System memory in use after: 93.9 MB.

Unloading 21 unused Assets to reduce memory usage. Loaded Objects now: 2620.
Total: 13.650200 ms (FindLiveObjects: 0.775200 ms CreateObjectMapping: 0.153800 ms MarkObjects: 10.884100 ms  DeleteObjects: 1.834100 ms)

========================================================================
Received Import Request.
  Time since last request: 5025.737246 seconds.
  path: Assets/Scripts/PlayerMenus
  artifactKey: Guid(39c3995e5edeacd49a7791fc42e23b79) Importer(815301076,1909f56bfc062723c751e8b465ee728b)
Start importing Assets/Scripts/PlayerMenus using Guid(39c3995e5edeacd49a7791fc42e23b79) Importer(815301076,1909f56bfc062723c751e8b465ee728b)  -> (artifact id: '5248cd44838eb65e9ca7fe3d4befaad7') in 0.054484 seconds
  Import took 0.065626 seconds .

========================================================================
Received Prepare
Registering precompiled user dll's ...
Registered in 0.082170 seconds.
Begin MonoManager ReloadAssembly
Native extension for WindowsStandalone target not found
Refreshing native plugins compatible for Editor in 1.38 ms, found 3 plugins.
Preloading 0 native plugins for Editor in 0.00 ms.
Mono: successfully reloaded assembly
- Completed reload, in  3.292 seconds
Platform modules already initialized, skipping
Refreshing native plugins compatible for Editor in 0.86 ms, found 3 plugins.
Preloading 0 native plugins for Editor in 0.00 ms.
Unloading 2104 Unused Serialized files (Serialized files now loaded: 0)
System memory in use before: 93.9 MB.
System memory in use after: 93.9 MB.

Unloading 21 unused Assets to reduce memory usage. Loaded Objects now: 2623.
Total: 4.658200 ms (FindLiveObjects: 0.641600 ms CreateObjectMapping: 0.170700 ms MarkObjects: 3.613300 ms  DeleteObjects: 0.230300 ms)

========================================================================
Received Prepare
Registering precompiled user dll's ...
Registered in 0.011646 seconds.
Begin MonoManager ReloadAssembly
Native extension for WindowsStandalone target not found
Refreshing native plugins compatible for Editor in 1.24 ms, found 3 plugins.
Preloading 0 native plugins for Editor in 0.00 ms.
Mono: successfully reloaded assembly
- Completed reload, in  4.812 seconds
Platform modules already initialized, skipping
Refreshing native plugins compatible for Editor in 0.60 ms, found 3 plugins.
Preloading 0 native plugins for Editor in 0.00 ms.
Unloading 2104 Unused Serialized files (Serialized files now loaded: 0)
System memory in use before: 93.9 MB.
System memory in use after: 93.9 MB.

Unloading 21 unused Assets to reduce memory usage. Loaded Objects now: 2626.
Total: 7.248600 ms (FindLiveObjects: 0.619900 ms CreateObjectMapping: 0.244800 ms MarkObjects: 5.987000 ms  DeleteObjects: 0.394500 ms)

========================================================================
Received Prepare
Registering precompiled user dll's ...
Registered in 0.015656 seconds.
Begin MonoManager ReloadAssembly
Native extension for WindowsStandalone target not found
Refreshing native plugins compatible for Editor in 0.81 ms, found 3 plugins.
Preloading 0 native plugins for Editor in 0.00 ms.
Mono: successfully reloaded assembly
- Completed reload, in  4.393 seconds
Platform modules already initialized, skipping
Refreshing native plugins compatible for Editor in 0.85 ms, found 3 plugins.
Preloading 0 native plugins for Editor in 0.00 ms.
Unloading 2104 Unused Serialized files (Serialized files now loaded: 0)
System memory in use before: 93.9 MB.
System memory in use after: 93.9 MB.

Unloading 21 unused Assets to reduce memory usage. Loaded Objects now: 2629.
Total: 7.500500 ms (FindLiveObjects: 0.640900 ms CreateObjectMapping: 0.304700 ms MarkObjects: 6.144000 ms  DeleteObjects: 0.407200 ms)

========================================================================
Received Prepare
Registering precompiled user dll's ...
Registered in 0.073358 seconds.
Begin MonoManager ReloadAssembly
Native extension for WindowsStandalone target not found
Refreshing native plugins compatible for Editor in 1.00 ms, found 3 plugins.
Preloading 0 native plugins for Editor in 0.00 ms.
Mono: successfully reloaded assembly
- Completed reload, in  5.832 seconds
Platform modules already initialized, skipping
Refreshing native plugins compatible for Editor in 0.61 ms, found 3 plugins.
Preloading 0 native plugins for Editor in 0.00 ms.
Unloading 2104 Unused Serialized files (Serialized files now loaded: 0)
System memory in use before: 93.9 MB.
System memory in use after: 93.9 MB.

Unloading 21 unused Assets to reduce memory usage. Loaded Objects now: 2632.
Total: 3.832400 ms (FindLiveObjects: 0.294600 ms CreateObjectMapping: 0.169200 ms MarkObjects: 3.139300 ms  DeleteObjects: 0.227400 ms)

========================================================================
Received Import Request.
  Time since last request: 83.105262 seconds.
  path: Assets/Scripts/PlayerMenus/Buy
  artifactKey: Guid(17bfcc7bc00ade345a22dde0aea98186) Importer(815301076,1909f56bfc062723c751e8b465ee728b)
Start importing Assets/Scripts/PlayerMenus/Buy using Guid(17bfcc7bc00ade345a22dde0aea98186) Importer(815301076,1909f56bfc062723c751e8b465ee728b)  -> (artifact id: '4b55d5c643e65b1912002feaa3b98150') in 0.049014 seconds
  Import took 0.057281 seconds .

========================================================================
Received Import Request.
  Time since last request: 1.024004 seconds.
  path: Assets/Scripts/PlayerMenus/Sell
  artifactKey: Guid(9838f36b6864c4a418544fc33f6b4010) Importer(815301076,1909f56bfc062723c751e8b465ee728b)
Start importing Assets/Scripts/PlayerMenus/Sell using Guid(9838f36b6864c4a418544fc33f6b4010) Importer(815301076,1909f56bfc062723c751e8b465ee728b)  -> (artifact id: 'bbb1ea2471be4f539963fdbf02baca7d') in 0.157326 seconds
  Import took 0.201641 seconds .

========================================================================
Received Import Request.
  Time since last request: 4.978258 seconds.
  path: Assets/Scripts/PlayerMenus/Craft
  artifactKey: Guid(48abc269439f33147bef1ca23288d0b6) Importer(815301076,1909f56bfc062723c751e8b465ee728b)
Start importing Assets/Scripts/PlayerMenus/Craft using Guid(48abc269439f33147bef1ca23288d0b6) Importer(815301076,1909f56bfc062723c751e8b465ee728b)  -> (artifact id: 'e883013a97cf729f337de69e4abe46b6') in 0.184255 seconds
  Import took 0.202762 seconds .

========================================================================
Received Prepare
Registering precompiled user dll's ...
Registered in 0.032593 seconds.
Begin MonoManager ReloadAssembly
Native extension for WindowsStandalone target not found
Refreshing native plugins compatible for Editor in 0.67 ms, found 3 plugins.
Preloading 0 native plugins for Editor in 0.00 ms.
Mono: successfully reloaded assembly
- Completed reload, in  4.724 seconds
Platform modules already initialized, skipping
Refreshing native plugins compatible for Editor in 1.10 ms, found 3 plugins.
Preloading 0 native plugins for Editor in 0.00 ms.
Unloading 2104 Unused Serialized files (Serialized files now loaded: 0)
System memory in use before: 93.9 MB.
System memory in use after: 93.9 MB.

Unloading 21 unused Assets to reduce memory usage. Loaded Objects now: 2635.
Total: 11.680900 ms (FindLiveObjects: 0.664700 ms CreateObjectMapping: 2.711300 ms MarkObjects: 8.080500 ms  DeleteObjects: 0.221000 ms)

========================================================================
Received Prepare
Registering precompiled user dll's ...
Registered in 0.036279 seconds.
Begin MonoManager ReloadAssembly
Native extension for WindowsStandalone target not found
Refreshing native plugins compatible for Editor in 0.77 ms, found 3 plugins.
Preloading 0 native plugins for Editor in 0.00 ms.
Mono: successfully reloaded assembly
- Completed reload, in 12.329 seconds
Platform modules already initialized, skipping
Refreshing native plugins compatible for Editor in 0.66 ms, found 3 plugins.
Preloading 0 native plugins for Editor in 0.00 ms.
Unloading 2104 Unused Serialized files (Serialized files now loaded: 0)
System memory in use before: 93.9 MB.
System memory in use after: 93.9 MB.

Unloading 21 unused Assets to reduce memory usage. Loaded Objects now: 2638.
Total: 9.122200 ms (FindLiveObjects: 0.525000 ms CreateObjectMapping: 0.264500 ms MarkObjects: 8.091100 ms  DeleteObjects: 0.238600 ms)

========================================================================
Received Prepare
Registering precompiled user dll's ...
Registered in 0.033161 seconds.
Begin MonoManager ReloadAssembly
Native extension for WindowsStandalone target not found
Refreshing native plugins compatible for Editor in 2.56 ms, found 3 plugins.
Preloading 0 native plugins for Editor in 0.00 ms.
Mono: successfully reloaded assembly
- Completed reload, in  8.299 seconds
Platform modules already initialized, skipping
Refreshing native plugins compatible for Editor in 0.99 ms, found 3 plugins.
Preloading 0 native plugins for Editor in 0.00 ms.
Unloading 2104 Unused Serialized files (Serialized files now loaded: 0)
System memory in use before: 93.9 MB.
System memory in use after: 93.9 MB.

Unloading 21 unused Assets to reduce memory usage. Loaded Objects now: 2641.
Total: 6.372300 ms (FindLiveObjects: 0.556800 ms CreateObjectMapping: 0.291700 ms MarkObjects: 5.292700 ms  DeleteObjects: 0.228900 ms)

========================================================================
Received Prepare
Registering precompiled user dll's ...
Registered in 0.016001 seconds.
Begin MonoManager ReloadAssembly
Native extension for WindowsStandalone target not found
Refreshing native plugins compatible for Editor in 1.23 ms, found 3 plugins.
Preloading 0 native plugins for Editor in 0.00 ms.
Mono: successfully reloaded assembly
- Completed reload, in  2.524 seconds
Platform modules already initialized, skipping
Refreshing native plugins compatible for Editor in 1.43 ms, found 3 plugins.
Preloading 0 native plugins for Editor in 0.00 ms.
Unloading 2104 Unused Serialized files (Serialized files now loaded: 0)
System memory in use before: 93.9 MB.
System memory in use after: 93.9 MB.

Unloading 21 unused Assets to reduce memory usage. Loaded Objects now: 2644.
Total: 8.986100 ms (FindLiveObjects: 0.321100 ms CreateObjectMapping: 0.109400 ms MarkObjects: 8.047300 ms  DeleteObjects: 0.503800 ms)

========================================================================
Received Prepare
Registering precompiled user dll's ...
Registered in 0.026262 seconds.
Begin MonoManager ReloadAssembly
Native extension for WindowsStandalone target not found
Refreshing native plugins compatible for Editor in 9.66 ms, found 3 plugins.
Preloading 0 native plugins for Editor in 0.00 ms.
Mono: successfully reloaded assembly
- Completed reload, in 12.928 seconds
Platform modules already initialized, skipping
Refreshing native plugins compatible for Editor in 1.13 ms, found 3 plugins.
Preloading 0 native plugins for Editor in 0.00 ms.
Unloading 2104 Unused Serialized files (Serialized files now loaded: 0)
System memory in use before: 93.9 MB.
System memory in use after: 93.9 MB.

Unloading 21 unused Assets to reduce memory usage. Loaded Objects now: 2647.
Total: 31.816300 ms (FindLiveObjects: 0.657300 ms CreateObjectMapping: 1.333300 ms MarkObjects: 28.454900 ms  DeleteObjects: 1.368100 ms)

========================================================================
Received Prepare
Registering precompiled user dll's ...
Registered in 0.016603 seconds.
Begin MonoManager ReloadAssembly
Native extension for WindowsStandalone target not found
Refreshing native plugins compatible for Editor in 2.33 ms, found 3 plugins.
Preloading 0 native plugins for Editor in 0.00 ms.
Mono: successfully reloaded assembly
- Completed reload, in 15.558 seconds
Platform modules already initialized, skipping
Refreshing native plugins compatible for Editor in 4.95 ms, found 3 plugins.
Preloading 0 native plugins for Editor in 0.00 ms.
Unloading 2104 Unused Serialized files (Serialized files now loaded: 0)
System memory in use before: 94.0 MB.
System memory in use after: 93.9 MB.

Unloading 21 unused Assets to reduce memory usage. Loaded Objects now: 2650.
Total: 7.206400 ms (FindLiveObjects: 0.658900 ms CreateObjectMapping: 0.240300 ms MarkObjects: 6.083000 ms  DeleteObjects: 0.221200 ms)

========================================================================
Received Prepare
Registering precompiled user dll's ...
Registered in 0.043862 seconds.
Begin MonoManager ReloadAssembly
Native extension for WindowsStandalone target not found
Refreshing native plugins compatible for Editor in 0.78 ms, found 3 plugins.
Preloading 0 native plugins for Editor in 0.00 ms.
Mono: successfully reloaded assembly
- Completed reload, in  2.478 seconds
Platform modules already initialized, skipping
Refreshing native plugins compatible for Editor in 0.60 ms, found 3 plugins.
Preloading 0 native plugins for Editor in 0.00 ms.
Unloading 2104 Unused Serialized files (Serialized files now loaded: 0)
System memory in use before: 94.0 MB.
System memory in use after: 94.0 MB.

Unloading 21 unused Assets to reduce memory usage. Loaded Objects now: 2653.
Total: 3.248100 ms (FindLiveObjects: 0.309400 ms CreateObjectMapping: 0.121000 ms MarkObjects: 2.661000 ms  DeleteObjects: 0.155200 ms)

========================================================================
Received Prepare
Registering precompiled user dll's ...
Registered in 0.010344 seconds.
Begin MonoManager ReloadAssembly
Native extension for WindowsStandalone target not found
Refreshing native plugins compatible for Editor in 1.07 ms, found 3 plugins.
Preloading 0 native plugins for Editor in 0.00 ms.
Mono: successfully reloaded assembly
- Completed reload, in  2.080 seconds
Platform modules already initialized, skipping
Refreshing native plugins compatible for Editor in 0.64 ms, found 3 plugins.
Preloading 0 native plugins for Editor in 0.00 ms.
Unloading 2104 Unused Serialized files (Serialized files now loaded: 0)
System memory in use before: 94.0 MB.
System memory in use after: 94.0 MB.

Unloading 21 unused Assets to reduce memory usage. Loaded Objects now: 2656.
Total: 4.423800 ms (FindLiveObjects: 0.289600 ms CreateObjectMapping: 0.107400 ms MarkObjects: 3.853100 ms  DeleteObjects: 0.171500 ms)

========================================================================
Received Import Request.
  Time since last request: 167.911081 seconds.
  path: Assets/Scripts/BuyCommand.cs
  artifactKey: Guid(1388980f0cd87d149816c506bfcb7b40) Importer(815301076,1909f56bfc062723c751e8b465ee728b)
Start importing Assets/Scripts/BuyCommand.cs using Guid(1388980f0cd87d149816c506bfcb7b40) Importer(815301076,1909f56bfc062723c751e8b465ee728b)  -> (artifact id: '369945eaf9c101fbc33eb7af5cb9fa3f') in 0.210040 seconds
  Import took 0.220712 seconds .

========================================================================
Received Prepare
Registering precompiled user dll's ...
Registered in 0.014728 seconds.
Begin MonoManager ReloadAssembly
Native extension for WindowsStandalone target not found
Refreshing native plugins compatible for Editor in 0.86 ms, found 3 plugins.
Preloading 0 native plugins for Editor in 0.00 ms.
Mono: successfully reloaded assembly
- Completed reload, in  2.712 seconds
Platform modules already initialized, skipping
Refreshing native plugins compatible for Editor in 0.74 ms, found 3 plugins.
Preloading 0 native plugins for Editor in 0.00 ms.
Unloading 2105 Unused Serialized files (Serialized files now loaded: 0)
System memory in use before: 94.0 MB.
System memory in use after: 94.0 MB.

Unloading 21 unused Assets to reduce memory usage. Loaded Objects now: 2660.
Total: 3.827800 ms (FindLiveObjects: 0.273100 ms CreateObjectMapping: 0.115000 ms MarkObjects: 3.224000 ms  DeleteObjects: 0.214000 ms)

========================================================================
Received Prepare
Registering precompiled user dll's ...
Registered in 0.564126 seconds.
Begin MonoManager ReloadAssembly
Native extension for WindowsStandalone target not found
Refreshing native plugins compatible for Editor in 1.01 ms, found 3 plugins.
Preloading 0 native plugins for Editor in 0.00 ms.
Mono: successfully reloaded assembly
- Completed reload, in  4.299 seconds
Platform modules already initialized, skipping
Refreshing native plugins compatible for Editor in 0.63 ms, found 3 plugins.
Preloading 0 native plugins for Editor in 0.00 ms.
Unloading 2105 Unused Serialized files (Serialized files now loaded: 0)
System memory in use before: 94.0 MB.
System memory in use after: 94.0 MB.

Unloading 21 unused Assets to reduce memory usage. Loaded Objects now: 2663.
Total: 7.438700 ms (FindLiveObjects: 0.487700 ms CreateObjectMapping: 0.142400 ms MarkObjects: 6.115200 ms  DeleteObjects: 0.691400 ms)

========================================================================
Received Import Request.
  Time since last request: 57297.083615 seconds.
  path: Assets/Scripts/BuyCommand.cs
  artifactKey: Guid(1388980f0cd87d149816c506bfcb7b40) Importer(815301076,1909f56bfc062723c751e8b465ee728b)
Start importing Assets/Scripts/BuyCommand.cs using Guid(1388980f0cd87d149816c506bfcb7b40) Importer(815301076,1909f56bfc062723c751e8b465ee728b)  -> (artifact id: 'dec1673c73e0d1d9ec9dec925a6b1316') in 0.027009 seconds
  Import took 0.036405 seconds .

========================================================================
Received Prepare
Registering precompiled user dll's ...
Registered in 0.015925 seconds.
Begin MonoManager ReloadAssembly
Native extension for WindowsStandalone target not found
Refreshing native plugins compatible for Editor in 5.45 ms, found 3 plugins.
Preloading 0 native plugins for Editor in 0.00 ms.
Mono: successfully reloaded assembly
- Completed reload, in  7.346 seconds
Platform modules already initialized, skipping
Refreshing native plugins compatible for Editor in 0.67 ms, found 3 plugins.
Preloading 0 native plugins for Editor in 0.00 ms.
Unloading 2105 Unused Serialized files (Serialized files now loaded: 0)
System memory in use before: 94.0 MB.
System memory in use after: 94.0 MB.

Unloading 21 unused Assets to reduce memory usage. Loaded Objects now: 2666.
Total: 12.018600 ms (FindLiveObjects: 0.768700 ms CreateObjectMapping: 2.515300 ms MarkObjects: 8.310700 ms  DeleteObjects: 0.420200 ms)

========================================================================
Received Prepare
Registering precompiled user dll's ...
Registered in 2.719857 seconds.
Begin MonoManager ReloadAssembly
Native extension for WindowsStandalone target not found
Refreshing native plugins compatible for Editor in 2.06 ms, found 3 plugins.
Preloading 0 native plugins for Editor in 0.00 ms.
Mono: successfully reloaded assembly
- Completed reload, in  7.825 seconds
Platform modules already initialized, skipping
Refreshing native plugins compatible for Editor in 1.09 ms, found 3 plugins.
Preloading 0 native plugins for Editor in 0.00 ms.
Unloading 2105 Unused Serialized files (Serialized files now loaded: 0)
System memory in use before: 94.0 MB.
System memory in use after: 94.0 MB.

Unloading 21 unused Assets to reduce memory usage. Loaded Objects now: 2669.
Total: 14.962700 ms (FindLiveObjects: 2.433800 ms CreateObjectMapping: 0.248500 ms MarkObjects: 11.601200 ms  DeleteObjects: 0.676300 ms)

========================================================================
Received Import Request.
  Time since last request: 25314.093746 seconds.
  path: Assets/Scripts/PlayerMenus/Buy/BuyMenu.cs
  artifactKey: Guid(043c5d96043b73d41bd5be8c5390f016) Importer(815301076,1909f56bfc062723c751e8b465ee728b)
Start importing Assets/Scripts/PlayerMenus/Buy/BuyMenu.cs using Guid(043c5d96043b73d41bd5be8c5390f016) Importer(815301076,1909f56bfc062723c751e8b465ee728b)  -> (artifact id: 'd8594e3ed0bbd096d2d30ffb48608da9') in 0.047596 seconds
  Import took 0.058687 seconds .

========================================================================
Received Import Request.
  Time since last request: 0.165577 seconds.
  path: Assets/Scripts/PlayerMenus/Buy/BuyMenu.cs
  artifactKey: Guid(043c5d96043b73d41bd5be8c5390f016) Importer(815301076,1909f56bfc062723c751e8b465ee728b)
Start importing Assets/Scripts/PlayerMenus/Buy/BuyMenu.cs using Guid(043c5d96043b73d41bd5be8c5390f016) Importer(815301076,1909f56bfc062723c751e8b465ee728b)  -> (artifact id: 'd8594e3ed0bbd096d2d30ffb48608da9') in 0.025556 seconds
  Import took 0.032730 seconds .

========================================================================
Received Prepare
Registering precompiled user dll's ...
Registered in 0.134792 seconds.
Begin MonoManager ReloadAssembly
Native extension for WindowsStandalone target not found
Refreshing native plugins compatible for Editor in 9.60 ms, found 3 plugins.
Preloading 0 native plugins for Editor in 0.00 ms.
Mono: successfully reloaded assembly
- Completed reload, in 10.723 seconds
Platform modules already initialized, skipping
Refreshing native plugins compatible for Editor in 0.66 ms, found 3 plugins.
Preloading 0 native plugins for Editor in 0.00 ms.
Unloading 2105 Unused Serialized files (Serialized files now loaded: 0)
System memory in use before: 94.0 MB.
System memory in use after: 94.0 MB.

Unloading 21 unused Assets to reduce memory usage. Loaded Objects now: 2672.
Total: 9.830200 ms (FindLiveObjects: 0.676400 ms CreateObjectMapping: 0.145700 ms MarkObjects: 8.306700 ms  DeleteObjects: 0.699400 ms)

========================================================================
Received Prepare
Registering precompiled user dll's ...
Registered in 0.045474 seconds.
Begin MonoManager ReloadAssembly
Native extension for WindowsStandalone target not found
Refreshing native plugins compatible for Editor in 0.82 ms, found 3 plugins.
Preloading 0 native plugins for Editor in 0.00 ms.
Mono: successfully reloaded assembly
- Completed reload, in  7.347 seconds
Platform modules already initialized, skipping
Refreshing native plugins compatible for Editor in 0.63 ms, found 3 plugins.
Preloading 0 native plugins for Editor in 0.00 ms.
Unloading 2105 Unused Serialized files (Serialized files now loaded: 0)
System memory in use before: 94.0 MB.
System memory in use after: 94.0 MB.

Unloading 21 unused Assets to reduce memory usage. Loaded Objects now: 2675.
Total: 11.729800 ms (FindLiveObjects: 4.387900 ms CreateObjectMapping: 0.325500 ms MarkObjects: 6.153800 ms  DeleteObjects: 0.860000 ms)

========================================================================
Received Import Request.
  Time since last request: 4871.775403 seconds.
  path: Assets/Scripts/PlayerMenus/Buy/BuyMenu.cs
  artifactKey: Guid(043c5d96043b73d41bd5be8c5390f016) Importer(815301076,1909f56bfc062723c751e8b465ee728b)
Start importing Assets/Scripts/PlayerMenus/Buy/BuyMenu.cs using Guid(043c5d96043b73d41bd5be8c5390f016) Importer(815301076,1909f56bfc062723c751e8b465ee728b)  -> (artifact id: 'f04a1eea5da6a4aa01774d0f321133d4') in 0.059420 seconds
  Import took 0.079926 seconds .

========================================================================
Received Import Request.
  Time since last request: 0.026378 seconds.
  path: Assets/Scripts/PlayerMenus/Buy/BuyMenu.cs
  artifactKey: Guid(043c5d96043b73d41bd5be8c5390f016) Importer(815301076,1909f56bfc062723c751e8b465ee728b)
Start importing Assets/Scripts/PlayerMenus/Buy/BuyMenu.cs using Guid(043c5d96043b73d41bd5be8c5390f016) Importer(815301076,1909f56bfc062723c751e8b465ee728b)  -> (artifact id: 'f04a1eea5da6a4aa01774d0f321133d4') in 0.048520 seconds
  Import took 0.076306 seconds .

========================================================================
Received Prepare
Registering precompiled user dll's ...
Registered in 0.017546 seconds.
Begin MonoManager ReloadAssembly
Native extension for WindowsStandalone target not found
Refreshing native plugins compatible for Editor in 15.96 ms, found 3 plugins.
Preloading 0 native plugins for Editor in 0.00 ms.
Mono: successfully reloaded assembly
- Completed reload, in  2.607 seconds
Platform modules already initialized, skipping
Refreshing native plugins compatible for Editor in 0.79 ms, found 3 plugins.
Preloading 0 native plugins for Editor in 0.00 ms.
Unloading 2105 Unused Serialized files (Serialized files now loaded: 0)
System memory in use before: 94.1 MB.
System memory in use after: 94.0 MB.

Unloading 21 unused Assets to reduce memory usage. Loaded Objects now: 2678.
Total: 4.830100 ms (FindLiveObjects: 0.326400 ms CreateObjectMapping: 0.159500 ms MarkObjects: 4.110800 ms  DeleteObjects: 0.231300 ms)

========================================================================
Received Import Request.
  Time since last request: 46.047929 seconds.
  path: Assets/Prefabs/ItemOnSale0.prefab
  artifactKey: Guid(bb657128d08355b4380bed5b2eec3202) Importer(815301076,1909f56bfc062723c751e8b465ee728b)
Start importing Assets/Prefabs/ItemOnSale0.prefab using Guid(bb657128d08355b4380bed5b2eec3202) Importer(815301076,1909f56bfc062723c751e8b465ee728b)  -> (artifact id: '8478d8dc820b5079ed873e2aa8637d7d') in 0.278019 seconds
  Import took 0.289627 seconds .

========================================================================
Received Prepare
Registering precompiled user dll's ...
Registered in 0.011873 seconds.
Begin MonoManager ReloadAssembly
Native extension for WindowsStandalone target not found
Refreshing native plugins compatible for Editor in 30.40 ms, found 3 plugins.
Preloading 0 native plugins for Editor in 0.00 ms.
Mono: successfully reloaded assembly
- Completed reload, in  9.001 seconds
Platform modules already initialized, skipping
Refreshing native plugins compatible for Editor in 1.20 ms, found 3 plugins.
Preloading 0 native plugins for Editor in 0.00 ms.
Unloading 2105 Unused Serialized files (Serialized files now loaded: 0)
System memory in use before: 94.1 MB.
System memory in use after: 94.1 MB.

Unloading 21 unused Assets to reduce memory usage. Loaded Objects now: 2683.
Total: 3.982000 ms (FindLiveObjects: 0.392000 ms CreateObjectMapping: 0.147500 ms MarkObjects: 3.264400 ms  DeleteObjects: 0.176100 ms)

========================================================================
Received Prepare
Registering precompiled user dll's ...
Registered in 0.020318 seconds.
Begin MonoManager ReloadAssembly
Native extension for WindowsStandalone target not found
Refreshing native plugins compatible for Editor in 1.11 ms, found 3 plugins.
Preloading 0 native plugins for Editor in 0.00 ms.
Mono: successfully reloaded assembly
- Completed reload, in  2.915 seconds
Platform modules already initialized, skipping
Refreshing native plugins compatible for Editor in 1.32 ms, found 3 plugins.
Preloading 0 native plugins for Editor in 0.00 ms.
Unloading 2105 Unused Serialized files (Serialized files now loaded: 0)
System memory in use before: 94.1 MB.
System memory in use after: 94.1 MB.

Unloading 21 unused Assets to reduce memory usage. Loaded Objects now: 2686.
Total: 7.142400 ms (FindLiveObjects: 0.320500 ms CreateObjectMapping: 0.359400 ms MarkObjects: 6.115400 ms  DeleteObjects: 0.344800 ms)

========================================================================
Received Prepare
Registering precompiled user dll's ...
Registered in 0.016300 seconds.
Begin MonoManager ReloadAssembly
Native extension for WindowsStandalone target not found
Refreshing native plugins compatible for Editor in 0.83 ms, found 3 plugins.
Preloading 0 native plugins for Editor in 0.00 ms.
Mono: successfully reloaded assembly
- Completed reload, in  2.597 seconds
Platform modules already initialized, skipping
Refreshing native plugins compatible for Editor in 0.74 ms, found 3 plugins.
Preloading 0 native plugins for Editor in 0.00 ms.
Unloading 2105 Unused Serialized files (Serialized files now loaded: 0)
System memory in use before: 94.1 MB.
System memory in use after: 94.1 MB.

Unloading 21 unused Assets to reduce memory usage. Loaded Objects now: 2689.
Total: 6.590800 ms (FindLiveObjects: 0.584100 ms CreateObjectMapping: 0.309600 ms MarkObjects: 5.456300 ms  DeleteObjects: 0.238700 ms)

========================================================================
Received Prepare
Registering precompiled user dll's ...
Registered in 0.022682 seconds.
Begin MonoManager ReloadAssembly
Native extension for WindowsStandalone target not found
Refreshing native plugins compatible for Editor in 41.80 ms, found 3 plugins.
Preloading 0 native plugins for Editor in 0.00 ms.
Mono: successfully reloaded assembly
- Completed reload, in  3.070 seconds
Platform modules already initialized, skipping
Refreshing native plugins compatible for Editor in 1.17 ms, found 3 plugins.
Preloading 0 native plugins for Editor in 0.00 ms.
Unloading 2105 Unused Serialized files (Serialized files now loaded: 0)
System memory in use before: 94.1 MB.
System memory in use after: 94.1 MB.

Unloading 21 unused Assets to reduce memory usage. Loaded Objects now: 2692.
Total: 4.429700 ms (FindLiveObjects: 0.300200 ms CreateObjectMapping: 0.126600 ms MarkObjects: 3.306000 ms  DeleteObjects: 0.694800 ms)

========================================================================
Received Prepare
Registering precompiled user dll's ...
Registered in 0.011479 seconds.
Begin MonoManager ReloadAssembly
Native extension for WindowsStandalone target not found
Refreshing native plugins compatible for Editor in 2.11 ms, found 3 plugins.
Preloading 0 native plugins for Editor in 0.00 ms.
Mono: successfully reloaded assembly
- Completed reload, in  9.580 seconds
Platform modules already initialized, skipping
Refreshing native plugins compatible for Editor in 2.40 ms, found 3 plugins.
Preloading 0 native plugins for Editor in 0.00 ms.
Unloading 2105 Unused Serialized files (Serialized files now loaded: 0)
System memory in use before: 94.1 MB.
System memory in use after: 94.1 MB.

Unloading 21 unused Assets to reduce memory usage. Loaded Objects now: 2695.
Total: 4.976900 ms (FindLiveObjects: 0.444600 ms CreateObjectMapping: 0.245000 ms MarkObjects: 4.048000 ms  DeleteObjects: 0.237600 ms)

========================================================================
Received Prepare
Registering precompiled user dll's ...
Registered in 0.019895 seconds.
Begin MonoManager ReloadAssembly
Native extension for WindowsStandalone target not found
Refreshing native plugins compatible for Editor in 0.68 ms, found 3 plugins.
Preloading 0 native plugins for Editor in 0.00 ms.
Mono: successfully reloaded assembly
- Completed reload, in  2.311 seconds
Platform modules already initialized, skipping
Refreshing native plugins compatible for Editor in 1.29 ms, found 3 plugins.
Preloading 0 native plugins for Editor in 0.00 ms.
Unloading 2105 Unused Serialized files (Serialized files now loaded: 0)
System memory in use before: 94.1 MB.
System memory in use after: 94.1 MB.

Unloading 21 unused Assets to reduce memory usage. Loaded Objects now: 2698.
Total: 3.319200 ms (FindLiveObjects: 0.337400 ms CreateObjectMapping: 0.125900 ms MarkObjects: 2.667700 ms  DeleteObjects: 0.186100 ms)

========================================================================
Received Prepare
Registering precompiled user dll's ...
Registered in 0.011625 seconds.
Begin MonoManager ReloadAssembly
Native extension for WindowsStandalone target not found
Refreshing native plugins compatible for Editor in 0.64 ms, found 3 plugins.
Preloading 0 native plugins for Editor in 0.00 ms.
Mono: successfully reloaded assembly
- Completed reload, in  4.674 seconds
Platform modules already initialized, skipping
Refreshing native plugins compatible for Editor in 0.85 ms, found 3 plugins.
Preloading 0 native plugins for Editor in 0.00 ms.
Unloading 2105 Unused Serialized files (Serialized files now loaded: 0)
System memory in use before: 94.1 MB.
System memory in use after: 94.1 MB.

Unloading 21 unused Assets to reduce memory usage. Loaded Objects now: 2701.
Total: 7.846200 ms (FindLiveObjects: 0.871500 ms CreateObjectMapping: 0.337700 ms MarkObjects: 6.400300 ms  DeleteObjects: 0.234000 ms)

========================================================================
Received Prepare
Registering precompiled user dll's ...
Registered in 0.016540 seconds.
Begin MonoManager ReloadAssembly
Native extension for WindowsStandalone target not found
Refreshing native plugins compatible for Editor in 1.19 ms, found 3 plugins.
Preloading 0 native plugins for Editor in 0.00 ms.
Mono: successfully reloaded assembly
- Completed reload, in  3.896 seconds
Platform modules already initialized, skipping
Refreshing native plugins compatible for Editor in 0.87 ms, found 3 plugins.
Preloading 0 native plugins for Editor in 0.00 ms.
Unloading 2105 Unused Serialized files (Serialized files now loaded: 0)
System memory in use before: 94.1 MB.
System memory in use after: 94.1 MB.

Unloading 21 unused Assets to reduce memory usage. Loaded Objects now: 2704.
Total: 3.628000 ms (FindLiveObjects: 0.287000 ms CreateObjectMapping: 0.121500 ms MarkObjects: 3.065500 ms  DeleteObjects: 0.152400 ms)

========================================================================
Received Prepare
Registering precompiled user dll's ...
Registered in 0.014421 seconds.
Begin MonoManager ReloadAssembly
Native extension for WindowsStandalone target not found
Refreshing native plugins compatible for Editor in 0.69 ms, found 3 plugins.
Preloading 0 native plugins for Editor in 0.00 ms.
Mono: successfully reloaded assembly
- Completed reload, in  4.539 seconds
Platform modules already initialized, skipping
Refreshing native plugins compatible for Editor in 0.85 ms, found 3 plugins.
Preloading 0 native plugins for Editor in 0.00 ms.
Unloading 2105 Unused Serialized files (Serialized files now loaded: 0)
System memory in use before: 94.1 MB.
System memory in use after: 94.1 MB.

Unloading 21 unused Assets to reduce memory usage. Loaded Objects now: 2707.
Total: 10.541700 ms (FindLiveObjects: 0.941700 ms CreateObjectMapping: 0.268000 ms MarkObjects: 9.102700 ms  DeleteObjects: 0.226500 ms)

========================================================================
Received Prepare
Registering precompiled user dll's ...
Registered in 0.019460 seconds.
Begin MonoManager ReloadAssembly
Native extension for WindowsStandalone target not found
Refreshing native plugins compatible for Editor in 1.15 ms, found 3 plugins.
Preloading 0 native plugins for Editor in 0.00 ms.
Mono: successfully reloaded assembly
- Completed reload, in  3.376 seconds
Platform modules already initialized, skipping
Refreshing native plugins compatible for Editor in 0.88 ms, found 3 plugins.
Preloading 0 native plugins for Editor in 0.00 ms.
Unloading 2105 Unused Serialized files (Serialized files now loaded: 0)
System memory in use before: 94.2 MB.
System memory in use after: 94.2 MB.

Unloading 21 unused Assets to reduce memory usage. Loaded Objects now: 2710.
Total: 7.923500 ms (FindLiveObjects: 0.546400 ms CreateObjectMapping: 0.250900 ms MarkObjects: 6.762700 ms  DeleteObjects: 0.360300 ms)

========================================================================
Received Prepare
Registering precompiled user dll's ...
Registered in 0.020974 seconds.
Begin MonoManager ReloadAssembly
Native extension for WindowsStandalone target not found
Refreshing native plugins compatible for Editor in 1.24 ms, found 3 plugins.
Preloading 0 native plugins for Editor in 0.00 ms.
Mono: successfully reloaded assembly
- Completed reload, in  3.708 seconds
Platform modules already initialized, skipping
Refreshing native plugins compatible for Editor in 0.62 ms, found 3 plugins.
Preloading 0 native plugins for Editor in 0.00 ms.
Unloading 2105 Unused Serialized files (Serialized files now loaded: 0)
System memory in use before: 94.2 MB.
System memory in use after: 94.2 MB.

Unloading 21 unused Assets to reduce memory usage. Loaded Objects now: 2713.
Total: 4.552100 ms (FindLiveObjects: 0.411100 ms CreateObjectMapping: 0.122300 ms MarkObjects: 3.854600 ms  DeleteObjects: 0.162400 ms)

========================================================================
Received Prepare
Registering precompiled user dll's ...
Registered in 0.010920 seconds.
Begin MonoManager ReloadAssembly
Native extension for WindowsStandalone target not found
Refreshing native plugins compatible for Editor in 0.64 ms, found 3 plugins.
Preloading 0 native plugins for Editor in 0.00 ms.
Mono: successfully reloaded assembly
- Completed reload, in  3.539 seconds
Platform modules already initialized, skipping
Refreshing native plugins compatible for Editor in 0.65 ms, found 3 plugins.
Preloading 0 native plugins for Editor in 0.00 ms.
Unloading 2105 Unused Serialized files (Serialized files now loaded: 0)
System memory in use before: 94.3 MB.
System memory in use after: 94.3 MB.

Unloading 21 unused Assets to reduce memory usage. Loaded Objects now: 2716.
Total: 5.692700 ms (FindLiveObjects: 0.448900 ms CreateObjectMapping: 0.197000 ms MarkObjects: 4.856100 ms  DeleteObjects: 0.188600 ms)

========================================================================
Received Prepare
Registering precompiled user dll's ...
Registered in 0.013727 seconds.
Begin MonoManager ReloadAssembly
Native extension for WindowsStandalone target not found
Refreshing native plugins compatible for Editor in 0.81 ms, found 3 plugins.
Preloading 0 native plugins for Editor in 0.00 ms.
Mono: successfully reloaded assembly
- Completed reload, in  2.472 seconds
Platform modules already initialized, skipping
Refreshing native plugins compatible for Editor in 1.22 ms, found 3 plugins.
Preloading 0 native plugins for Editor in 0.00 ms.
Unloading 2105 Unused Serialized files (Serialized files now loaded: 0)
System memory in use before: 94.3 MB.
System memory in use after: 94.3 MB.

Unloading 21 unused Assets to reduce memory usage. Loaded Objects now: 2719.
Total: 7.967900 ms (FindLiveObjects: 0.413200 ms CreateObjectMapping: 0.207200 ms MarkObjects: 7.042900 ms  DeleteObjects: 0.302100 ms)

========================================================================
Received Prepare
Registering precompiled user dll's ...
Registered in 0.012894 seconds.
Begin MonoManager ReloadAssembly
Native extension for WindowsStandalone target not found
Refreshing native plugins compatible for Editor in 5.68 ms, found 3 plugins.
Preloading 0 native plugins for Editor in 0.00 ms.
Mono: successfully reloaded assembly
- Completed reload, in  2.260 seconds
Platform modules already initialized, skipping
Refreshing native plugins compatible for Editor in 0.75 ms, found 3 plugins.
Preloading 0 native plugins for Editor in 0.00 ms.
Unloading 2105 Unused Serialized files (Serialized files now loaded: 0)
System memory in use before: 94.3 MB.
System memory in use after: 94.3 MB.

Unloading 21 unused Assets to reduce memory usage. Loaded Objects now: 2722.
Total: 4.291700 ms (FindLiveObjects: 1.018700 ms CreateObjectMapping: 0.267000 ms MarkObjects: 2.825700 ms  DeleteObjects: 0.178300 ms)

========================================================================
Received Prepare
Registering precompiled user dll's ...
Registered in 0.013073 seconds.
Begin MonoManager ReloadAssembly
Native extension for WindowsStandalone target not found
Refreshing native plugins compatible for Editor in 0.67 ms, found 3 plugins.
Preloading 0 native plugins for Editor in 0.00 ms.
Mono: successfully reloaded assembly
- Completed reload, in  1.993 seconds
Platform modules already initialized, skipping
Refreshing native plugins compatible for Editor in 0.65 ms, found 3 plugins.
Preloading 0 native plugins for Editor in 0.00 ms.
Unloading 2105 Unused Serialized files (Serialized files now loaded: 0)
System memory in use before: 94.3 MB.
System memory in use after: 94.4 MB.

Unloading 21 unused Assets to reduce memory usage. Loaded Objects now: 2725.
Total: 4.062800 ms (FindLiveObjects: 0.300400 ms CreateObjectMapping: 0.122700 ms MarkObjects: 3.401300 ms  DeleteObjects: 0.236400 ms)

========================================================================
Received Prepare
Registering precompiled user dll's ...
Registered in 0.010596 seconds.
Begin MonoManager ReloadAssembly
Native extension for WindowsStandalone target not found
Refreshing native plugins compatible for Editor in 4.50 ms, found 3 plugins.
Preloading 0 native plugins for Editor in 0.00 ms.
Mono: successfully reloaded assembly
- Completed reload, in  4.173 seconds
Platform modules already initialized, skipping
Refreshing native plugins compatible for Editor in 2.36 ms, found 3 plugins.
Preloading 0 native plugins for Editor in 0.00 ms.
Unloading 2105 Unused Serialized files (Serialized files now loaded: 0)
System memory in use before: 94.3 MB.
System memory in use after: 94.4 MB.

Unloading 21 unused Assets to reduce memory usage. Loaded Objects now: 2728.
Total: 17.758900 ms (FindLiveObjects: 0.538500 ms CreateObjectMapping: 0.309500 ms MarkObjects: 16.447200 ms  DeleteObjects: 0.460000 ms)

========================================================================
Received Prepare
Registering precompiled user dll's ...
Registered in 0.049661 seconds.
Begin MonoManager ReloadAssembly
Native extension for WindowsStandalone target not found
Refreshing native plugins compatible for Editor in 0.71 ms, found 3 plugins.
Preloading 0 native plugins for Editor in 0.00 ms.
Mono: successfully reloaded assembly
- Completed reload, in  2.208 seconds
Platform modules already initialized, skipping
Refreshing native plugins compatible for Editor in 0.62 ms, found 3 plugins.
Preloading 0 native plugins for Editor in 0.00 ms.
Unloading 2105 Unused Serialized files (Serialized files now loaded: 0)
System memory in use before: 94.3 MB.
System memory in use after: 94.4 MB.

Unloading 21 unused Assets to reduce memory usage. Loaded Objects now: 2731.
Total: 3.434100 ms (FindLiveObjects: 0.342500 ms CreateObjectMapping: 0.170200 ms MarkObjects: 2.694800 ms  DeleteObjects: 0.224900 ms)

========================================================================
Received Prepare
Registering precompiled user dll's ...
Registered in 1.645981 seconds.
Begin MonoManager ReloadAssembly
Native extension for WindowsStandalone target not found
Refreshing native plugins compatible for Editor in 1.39 ms, found 3 plugins.
Preloading 0 native plugins for Editor in 0.00 ms.
Mono: successfully reloaded assembly
- Completed reload, in 20.495 seconds
Platform modules already initialized, skipping
Refreshing native plugins compatible for Editor in 0.64 ms, found 3 plugins.
Preloading 0 native plugins for Editor in 0.00 ms.
Unloading 2105 Unused Serialized files (Serialized files now loaded: 0)
System memory in use before: 94.3 MB.
System memory in use after: 94.4 MB.

Unloading 21 unused Assets to reduce memory usage. Loaded Objects now: 2734.
Total: 10.514900 ms (FindLiveObjects: 0.941100 ms CreateObjectMapping: 0.177400 ms MarkObjects: 8.075800 ms  DeleteObjects: 1.317400 ms)

AssetImportWorkerClient::OnTransportError - code=2 error=End of file
