Using pre-set license
Built from '2020.3/staging' branch; Version is '2020.3.11f1 (99c7afb366b3) revision 10078127'; Using compiler version '192528614'; Build Type 'Release'
OS: 'Windows 10 Home; OS build 18363.1556; Version 1909; 64bit' Language: 'en' Physical Memory: 8043 MB
BatchMode: 1, IsHumanControllingUs: 0, StartBugReporterOnCrash: 0, Is64bit: 1, IsPro: 0

 COMMAND LINE ARGUMENTS:
C:\Program Files\Unity\Hub\Editor\2020.3.11f1\Editor\Unity.exe
-adb2
-batchMode
-noUpm
-name
AssetImportWorker2
-projectPath
C:/Users/Nathan/Desktop/CoolBakingGame
-logFile
Logs/AssetImportWorker2.log
-srvPort
50409
Successfully changed project path to: C:/Users/Nathan/Desktop/CoolBakingGame
C:/Users/Nathan/Desktop/CoolBakingGame
Using Asset Import Pipeline V2.
Refreshing native plugins compatible for Editor in 321.10 ms, found 3 plugins.
Preloading 0 native plugins for Editor in 0.00 ms.
Initialize engine version: 2020.3.11f1 (99c7afb366b3)
[Subsystems] Discovering subsystems at path C:/Program Files/Unity/Hub/Editor/2020.3.11f1/Editor/Data/Resources/UnitySubsystems
[Subsystems] Discovering subsystems at path C:/Users/Nathan/Desktop/CoolBakingGame/Assets
GfxDevice: creating device client; threaded=0
Direct3D:
    Version:  Direct3D 11.0 [level 11.1]
    Renderer: Intel(R) HD Graphics 520 (ID=0x1916)
    Vendor:   
    VRAM:     4021 MB
    Driver:   26.20.100.7986
Initialize mono
Mono path[0] = 'C:/Program Files/Unity/Hub/Editor/2020.3.11f1/Editor/Data/Managed'
Mono path[1] = 'C:/Program Files/Unity/Hub/Editor/2020.3.11f1/Editor/Data/MonoBleedingEdge/lib/mono/unityjit'
Mono config path = 'C:/Program Files/Unity/Hub/Editor/2020.3.11f1/Editor/Data/MonoBleedingEdge/etc'
Using monoOptions --debugger-agent=transport=dt_socket,embedding=1,server=y,suspend=n,address=127.0.0.1:56512
Begin MonoManager ReloadAssembly
Registering precompiled unity dll's ...
Register platform support module: C:/Program Files/Unity/Hub/Editor/2020.3.11f1/Editor/Data/PlaybackEngines/WindowsStandaloneSupport/UnityEditor.WindowsStandalone.Extensions.dll
Registered in 0.007344 seconds.
Native extension for WindowsStandalone target not found
Refreshing native plugins compatible for Editor in 136.01 ms, found 3 plugins.
Preloading 0 native plugins for Editor in 0.00 ms.
Mono: successfully reloaded assembly
- Completed reload, in  6.959 seconds
Platform modules already initialized, skipping
Registering precompiled user dll's ...
Registered in 0.017505 seconds.
Begin MonoManager ReloadAssembly
Native extension for WindowsStandalone target not found
Refreshing native plugins compatible for Editor in 150.08 ms, found 3 plugins.
Preloading 0 native plugins for Editor in 0.00 ms.
Mono: successfully reloaded assembly
- Completed reload, in  2.943 seconds
Platform modules already initialized, skipping
========================================================================
Worker process is ready to serve import requests
Launched and connected shader compiler UnityShaderCompiler.exe after 0.13 seconds
Refreshing native plugins compatible for Editor in 1.03 ms, found 3 plugins.
Preloading 0 native plugins for Editor in 0.00 ms.
Unloading 2111 Unused Serialized files (Serialized files now loaded: 0)
System memory in use before: 93.7 MB.
System memory in use after: 93.6 MB.

Unloading 33 unused Assets to reduce memory usage. Loaded Objects now: 2545.
Total: 6.257800 ms (FindLiveObjects: 0.513800 ms CreateObjectMapping: 0.226100 ms MarkObjects: 5.222900 ms  DeleteObjects: 0.292400 ms)

========================================================================
Received Import Request.
  path: Assets/Scripts/inventory.cs
  artifactKey: Guid(30a1508b2e2fae745bdd93b74bd76f9d) Importer(815301076,1909f56bfc062723c751e8b465ee728b)
Start importing Assets/Scripts/inventory.cs using Guid(30a1508b2e2fae745bdd93b74bd76f9d) Importer(815301076,1909f56bfc062723c751e8b465ee728b)  -> (artifact id: 'd4767af638c7b1533373d9f2bfc45d76') in 0.154116 seconds
  Import took 0.162258 seconds .

========================================================================
Received Import Request.
  Time since last request: 50.227051 seconds.
  path: Assets/Scripts/Inventory Card.cs
  artifactKey: Guid(b3d9d354f6c2ab74281b635bbce66539) Importer(815301076,1909f56bfc062723c751e8b465ee728b)
Start importing Assets/Scripts/Inventory Card.cs using Guid(b3d9d354f6c2ab74281b635bbce66539) Importer(815301076,1909f56bfc062723c751e8b465ee728b)  -> (artifact id: '6bb60f7f2009224dd33cd6c011c91da2') in 0.015278 seconds
  Import took 0.023205 seconds .

========================================================================
Received Prepare
Registering precompiled user dll's ...
Registered in 0.030712 seconds.
Begin MonoManager ReloadAssembly
Native extension for WindowsStandalone target not found
Refreshing native plugins compatible for Editor in 0.87 ms, found 3 plugins.
Preloading 0 native plugins for Editor in 0.00 ms.
Mono: successfully reloaded assembly
- Completed reload, in  4.944 seconds
Platform modules already initialized, skipping
Refreshing native plugins compatible for Editor in 0.61 ms, found 3 plugins.
Preloading 0 native plugins for Editor in 0.00 ms.
Unloading 2107 Unused Serialized files (Serialized files now loaded: 0)
System memory in use before: 93.7 MB.
System memory in use after: 93.7 MB.

Unloading 21 unused Assets to reduce memory usage. Loaded Objects now: 2549.
Total: 3.106400 ms (FindLiveObjects: 0.273800 ms CreateObjectMapping: 0.141900 ms MarkObjects: 2.545600 ms  DeleteObjects: 0.143700 ms)

========================================================================
Received Import Request.
  Time since last request: 370.575987 seconds.
  path: Assets/Scripts/inventory.cs
  artifactKey: Guid(30a1508b2e2fae745bdd93b74bd76f9d) Importer(815301076,1909f56bfc062723c751e8b465ee728b)
Start importing Assets/Scripts/inventory.cs using Guid(30a1508b2e2fae745bdd93b74bd76f9d) Importer(815301076,1909f56bfc062723c751e8b465ee728b)  -> (artifact id: '2994a0d7d5a7eec78c557210c9bc3e16') in 0.069961 seconds
  Import took 0.094870 seconds .

========================================================================
Received Prepare
Registering precompiled user dll's ...
Registered in 0.050682 seconds.
Begin MonoManager ReloadAssembly
Native extension for WindowsStandalone target not found
Refreshing native plugins compatible for Editor in 0.69 ms, found 3 plugins.
Preloading 0 native plugins for Editor in 0.00 ms.
Mono: successfully reloaded assembly
- Completed reload, in  5.171 seconds
Platform modules already initialized, skipping
Refreshing native plugins compatible for Editor in 1.46 ms, found 3 plugins.
Preloading 0 native plugins for Editor in 0.00 ms.
Unloading 2107 Unused Serialized files (Serialized files now loaded: 0)
System memory in use before: 93.7 MB.
System memory in use after: 93.7 MB.

Unloading 21 unused Assets to reduce memory usage. Loaded Objects now: 2552.
Total: 6.006100 ms (FindLiveObjects: 0.653900 ms CreateObjectMapping: 0.552700 ms MarkObjects: 4.436800 ms  DeleteObjects: 0.360200 ms)

========================================================================
Received Import Request.
  Time since last request: 139.771108 seconds.
  path: Assets/Scripts/inventory.cs
  artifactKey: Guid(30a1508b2e2fae745bdd93b74bd76f9d) Importer(815301076,1909f56bfc062723c751e8b465ee728b)
Start importing Assets/Scripts/inventory.cs using Guid(30a1508b2e2fae745bdd93b74bd76f9d) Importer(815301076,1909f56bfc062723c751e8b465ee728b)  -> (artifact id: '2c52299ab996e4f769e56a4ca1a54c86') in 0.036016 seconds
  Import took 0.047734 seconds .

========================================================================
Received Import Request.
  Time since last request: 28.226987 seconds.
  path: Assets/Scripts/Inventory Card.cs
  artifactKey: Guid(b3d9d354f6c2ab74281b635bbce66539) Importer(815301076,1909f56bfc062723c751e8b465ee728b)
Start importing Assets/Scripts/Inventory Card.cs using Guid(b3d9d354f6c2ab74281b635bbce66539) Importer(815301076,1909f56bfc062723c751e8b465ee728b)  -> (artifact id: 'e495e56e689815ac7560b4a440b45857') in 0.362761 seconds
  Import took 0.388475 seconds .

========================================================================
Received Prepare
Registering precompiled user dll's ...
Registered in 0.237652 seconds.
Begin MonoManager ReloadAssembly
Native extension for WindowsStandalone target not found
Refreshing native plugins compatible for Editor in 1.15 ms, found 3 plugins.
Preloading 0 native plugins for Editor in 0.00 ms.
Mono: successfully reloaded assembly
- Completed reload, in  5.881 seconds
Platform modules already initialized, skipping
Refreshing native plugins compatible for Editor in 1.23 ms, found 3 plugins.
Preloading 0 native plugins for Editor in 0.00 ms.
Unloading 2107 Unused Serialized files (Serialized files now loaded: 0)
System memory in use before: 93.7 MB.
System memory in use after: 93.7 MB.

Unloading 21 unused Assets to reduce memory usage. Loaded Objects now: 2555.
Total: 9.638700 ms (FindLiveObjects: 0.437100 ms CreateObjectMapping: 0.205900 ms MarkObjects: 8.686700 ms  DeleteObjects: 0.306400 ms)

========================================================================
Received Import Request.
  Time since last request: 1347.915195 seconds.
  path: Assets/Scripts/Inventory Card.cs
  artifactKey: Guid(b3d9d354f6c2ab74281b635bbce66539) Importer(815301076,1909f56bfc062723c751e8b465ee728b)
Start importing Assets/Scripts/Inventory Card.cs using Guid(b3d9d354f6c2ab74281b635bbce66539) Importer(815301076,1909f56bfc062723c751e8b465ee728b)  -> (artifact id: '55237273d0505277a1bcd0db526b575b') in 1.531127 seconds
  Import took 1.825212 seconds .

========================================================================
Received Prepare
Registering precompiled user dll's ...
Registered in 0.017703 seconds.
Begin MonoManager ReloadAssembly
Native extension for WindowsStandalone target not found
Refreshing native plugins compatible for Editor in 1.16 ms, found 3 plugins.
Preloading 0 native plugins for Editor in 0.00 ms.
Mono: successfully reloaded assembly
- Completed reload, in  4.882 seconds
Platform modules already initialized, skipping
Refreshing native plugins compatible for Editor in 0.76 ms, found 3 plugins.
Preloading 0 native plugins for Editor in 0.00 ms.
Unloading 2107 Unused Serialized files (Serialized files now loaded: 0)
System memory in use before: 93.8 MB.
System memory in use after: 93.8 MB.

Unloading 21 unused Assets to reduce memory usage. Loaded Objects now: 2558.
Total: 15.166900 ms (FindLiveObjects: 1.536800 ms CreateObjectMapping: 0.466000 ms MarkObjects: 12.281300 ms  DeleteObjects: 0.876900 ms)

========================================================================
Received Import Request.
  Time since last request: 5380.049295 seconds.
  path: Assets/Scripts/GameManager.cs
  artifactKey: Guid(cadfeeba1bd864649bf86e361b4c5ddd) Importer(815301076,1909f56bfc062723c751e8b465ee728b)
Start importing Assets/Scripts/GameManager.cs using Guid(cadfeeba1bd864649bf86e361b4c5ddd) Importer(815301076,1909f56bfc062723c751e8b465ee728b)  -> (artifact id: '876d1d09601512ba17833afe5180481a') in 0.783155 seconds
  Import took 1.966353 seconds .

========================================================================
Received Import Request.
  Time since last request: 69694.118558 seconds.
  path: Assets/Prefabs/Inventory Card.prefab
  artifactKey: Guid(2805dfeb6e89470408edd3918e75c24e) Importer(815301076,1909f56bfc062723c751e8b465ee728b)
Start importing Assets/Prefabs/Inventory Card.prefab using Guid(2805dfeb6e89470408edd3918e75c24e) Importer(815301076,1909f56bfc062723c751e8b465ee728b)  -> (artifact id: 'eff7ffac7d60b218d885b60ad7ba1a89') in 4.303009 seconds
  Import took 4.943071 seconds .

========================================================================
Received Prepare
Registering precompiled user dll's ...
Registered in 1.073307 seconds.
Begin MonoManager ReloadAssembly
Native extension for WindowsStandalone target not found
Refreshing native plugins compatible for Editor in 1.13 ms, found 3 plugins.
Preloading 0 native plugins for Editor in 0.00 ms.
Mono: successfully reloaded assembly
- Completed reload, in  3.637 seconds
Platform modules already initialized, skipping
Refreshing native plugins compatible for Editor in 1.04 ms, found 3 plugins.
Preloading 0 native plugins for Editor in 0.00 ms.
Unloading 2107 Unused Serialized files (Serialized files now loaded: 0)
System memory in use before: 93.9 MB.
System memory in use after: 93.9 MB.

Unloading 21 unused Assets to reduce memory usage. Loaded Objects now: 2563.
Total: 11.070600 ms (FindLiveObjects: 0.973400 ms CreateObjectMapping: 0.296100 ms MarkObjects: 9.123600 ms  DeleteObjects: 0.675200 ms)

========================================================================
Received Prepare
Registering precompiled user dll's ...
Registered in 0.021418 seconds.
Begin MonoManager ReloadAssembly
Native extension for WindowsStandalone target not found
Refreshing native plugins compatible for Editor in 0.63 ms, found 3 plugins.
Preloading 0 native plugins for Editor in 0.00 ms.
Mono: successfully reloaded assembly
- Completed reload, in  3.260 seconds
Platform modules already initialized, skipping
Refreshing native plugins compatible for Editor in 4.42 ms, found 3 plugins.
Preloading 0 native plugins for Editor in 0.00 ms.
Unloading 2107 Unused Serialized files (Serialized files now loaded: 0)
System memory in use before: 93.9 MB.
System memory in use after: 93.9 MB.

Unloading 21 unused Assets to reduce memory usage. Loaded Objects now: 2566.
Total: 7.354400 ms (FindLiveObjects: 0.393000 ms CreateObjectMapping: 0.224300 ms MarkObjects: 6.386900 ms  DeleteObjects: 0.348000 ms)

========================================================================
Received Prepare
Registering precompiled user dll's ...
Registered in 0.013572 seconds.
Begin MonoManager ReloadAssembly
Native extension for WindowsStandalone target not found
Refreshing native plugins compatible for Editor in 4.12 ms, found 3 plugins.
Preloading 0 native plugins for Editor in 0.00 ms.
Mono: successfully reloaded assembly
- Completed reload, in  6.089 seconds
Platform modules already initialized, skipping
Refreshing native plugins compatible for Editor in 0.62 ms, found 3 plugins.
Preloading 0 native plugins for Editor in 0.00 ms.
Unloading 2107 Unused Serialized files (Serialized files now loaded: 0)
System memory in use before: 93.9 MB.
System memory in use after: 93.9 MB.

Unloading 21 unused Assets to reduce memory usage. Loaded Objects now: 2569.
Total: 3.941900 ms (FindLiveObjects: 0.301800 ms CreateObjectMapping: 0.117700 ms MarkObjects: 3.305600 ms  DeleteObjects: 0.214700 ms)

========================================================================
Received Prepare
Registering precompiled user dll's ...
Registered in 0.017903 seconds.
Begin MonoManager ReloadAssembly
Native extension for WindowsStandalone target not found
Refreshing native plugins compatible for Editor in 0.93 ms, found 3 plugins.
Preloading 0 native plugins for Editor in 0.00 ms.
Mono: successfully reloaded assembly
- Completed reload, in  4.300 seconds
Platform modules already initialized, skipping
Refreshing native plugins compatible for Editor in 0.71 ms, found 3 plugins.
Preloading 0 native plugins for Editor in 0.00 ms.
Unloading 2107 Unused Serialized files (Serialized files now loaded: 0)
System memory in use before: 93.9 MB.
System memory in use after: 93.9 MB.

Unloading 21 unused Assets to reduce memory usage. Loaded Objects now: 2572.
Total: 5.139200 ms (FindLiveObjects: 0.322100 ms CreateObjectMapping: 0.159100 ms MarkObjects: 4.207200 ms  DeleteObjects: 0.448400 ms)

========================================================================
Received Prepare
Registering precompiled user dll's ...
Registered in 0.126824 seconds.
Begin MonoManager ReloadAssembly
Native extension for WindowsStandalone target not found
Refreshing native plugins compatible for Editor in 1.41 ms, found 3 plugins.
Preloading 0 native plugins for Editor in 0.00 ms.
Mono: successfully reloaded assembly
- Completed reload, in  2.621 seconds
Platform modules already initialized, skipping
Refreshing native plugins compatible for Editor in 0.70 ms, found 3 plugins.
Preloading 0 native plugins for Editor in 0.00 ms.
Unloading 2107 Unused Serialized files (Serialized files now loaded: 0)
System memory in use before: 93.9 MB.
System memory in use after: 93.9 MB.

Unloading 21 unused Assets to reduce memory usage. Loaded Objects now: 2575.
Total: 3.647400 ms (FindLiveObjects: 0.591200 ms CreateObjectMapping: 0.184800 ms MarkObjects: 2.650800 ms  DeleteObjects: 0.219000 ms)

========================================================================
Received Import Request.
  Time since last request: 2487.630192 seconds.
  path: Assets/Scripts/inventory.cs
  artifactKey: Guid(30a1508b2e2fae745bdd93b74bd76f9d) Importer(815301076,1909f56bfc062723c751e8b465ee728b)
Start importing Assets/Scripts/inventory.cs using Guid(30a1508b2e2fae745bdd93b74bd76f9d) Importer(815301076,1909f56bfc062723c751e8b465ee728b)  -> (artifact id: '7fd7e2bf35a69f59c96304a86329da68') in 0.200618 seconds
  Import took 0.218098 seconds .

========================================================================
Received Import Request.
  Time since last request: 4.000197 seconds.
  path: Assets/Scripts/Inventory.cs
  artifactKey: Guid(30a1508b2e2fae745bdd93b74bd76f9d) Importer(815301076,1909f56bfc062723c751e8b465ee728b)
Start importing Assets/Scripts/Inventory.cs using Guid(30a1508b2e2fae745bdd93b74bd76f9d) Importer(815301076,1909f56bfc062723c751e8b465ee728b)  -> (artifact id: '581ed625137d55df575136583ccec0c3') in 1.127030 seconds
  Import took 1.359897 seconds .

========================================================================
Received Prepare
Registering precompiled user dll's ...
Registered in 0.112505 seconds.
Begin MonoManager ReloadAssembly
Native extension for WindowsStandalone target not found
Refreshing native plugins compatible for Editor in 1.87 ms, found 3 plugins.
Preloading 0 native plugins for Editor in 0.00 ms.
Mono: successfully reloaded assembly
- Completed reload, in  7.137 seconds
Platform modules already initialized, skipping
Refreshing native plugins compatible for Editor in 0.74 ms, found 3 plugins.
Preloading 0 native plugins for Editor in 0.00 ms.
Unloading 2107 Unused Serialized files (Serialized files now loaded: 0)
System memory in use before: 93.9 MB.
System memory in use after: 93.9 MB.

Unloading 21 unused Assets to reduce memory usage. Loaded Objects now: 2578.
Total: 3.526300 ms (FindLiveObjects: 0.291000 ms CreateObjectMapping: 0.123200 ms MarkObjects: 2.920400 ms  DeleteObjects: 0.190200 ms)

========================================================================
Received Prepare
Registering precompiled user dll's ...
Registered in 0.025198 seconds.
Begin MonoManager ReloadAssembly
Native extension for WindowsStandalone target not found
Refreshing native plugins compatible for Editor in 1.87 ms, found 3 plugins.
Preloading 0 native plugins for Editor in 0.00 ms.
Mono: successfully reloaded assembly
- Completed reload, in  5.233 seconds
Platform modules already initialized, skipping
Refreshing native plugins compatible for Editor in 1.29 ms, found 3 plugins.
Preloading 0 native plugins for Editor in 0.00 ms.
Unloading 2107 Unused Serialized files (Serialized files now loaded: 0)
System memory in use before: 93.9 MB.
System memory in use after: 93.9 MB.

Unloading 21 unused Assets to reduce memory usage. Loaded Objects now: 2581.
Total: 5.554700 ms (FindLiveObjects: 0.785700 ms CreateObjectMapping: 0.240100 ms MarkObjects: 4.317100 ms  DeleteObjects: 0.209600 ms)

========================================================================
Received Import Request.
  Time since last request: 223.036056 seconds.
  path: Assets/Scripts/inventory.cs
  artifactKey: Guid(30a1508b2e2fae745bdd93b74bd76f9d) Importer(815301076,1909f56bfc062723c751e8b465ee728b)
Start importing Assets/Scripts/inventory.cs using Guid(30a1508b2e2fae745bdd93b74bd76f9d) Importer(815301076,1909f56bfc062723c751e8b465ee728b)  -> (artifact id: '513efcf20bf15845b287a24423edbc15') in 0.060395 seconds
  Import took 0.067820 seconds .

========================================================================
Received Import Request.
  Time since last request: 8.793725 seconds.
  path: Assets/Scripts/Inventory.cs
  artifactKey: Guid(30a1508b2e2fae745bdd93b74bd76f9d) Importer(815301076,1909f56bfc062723c751e8b465ee728b)
Start importing Assets/Scripts/Inventory.cs using Guid(30a1508b2e2fae745bdd93b74bd76f9d) Importer(815301076,1909f56bfc062723c751e8b465ee728b)  -> (artifact id: 'c20e9821538e3ed6aeaec3282e7f1757') in 0.546326 seconds
  Import took 0.579352 seconds .

========================================================================
Received Prepare
Registering precompiled user dll's ...
Registered in 0.028137 seconds.
Begin MonoManager ReloadAssembly
Native extension for WindowsStandalone target not found
Refreshing native plugins compatible for Editor in 0.78 ms, found 3 plugins.
Preloading 0 native plugins for Editor in 0.00 ms.
Mono: successfully reloaded assembly
- Completed reload, in  2.902 seconds
Platform modules already initialized, skipping
Refreshing native plugins compatible for Editor in 0.65 ms, found 3 plugins.
Preloading 0 native plugins for Editor in 0.00 ms.
Unloading 2107 Unused Serialized files (Serialized files now loaded: 0)
System memory in use before: 93.9 MB.
System memory in use after: 93.9 MB.

Unloading 21 unused Assets to reduce memory usage. Loaded Objects now: 2584.
Total: 3.716300 ms (FindLiveObjects: 0.259500 ms CreateObjectMapping: 0.104700 ms MarkObjects: 3.199500 ms  DeleteObjects: 0.151100 ms)

========================================================================
Received Import Request.
  Time since last request: 91.633340 seconds.
  path: Assets/Scripts/Inventory Card.cs
  artifactKey: Guid(b3d9d354f6c2ab74281b635bbce66539) Importer(815301076,1909f56bfc062723c751e8b465ee728b)
Start importing Assets/Scripts/Inventory Card.cs using Guid(b3d9d354f6c2ab74281b635bbce66539) Importer(815301076,1909f56bfc062723c751e8b465ee728b)  -> (artifact id: '18599c759bc61a906e5b6d82908a684b') in 0.851236 seconds
  Import took 0.869432 seconds .

========================================================================
Received Import Request.
  Time since last request: 4.241287 seconds.
  path: Assets/Scripts/InventoryCard.cs
  artifactKey: Guid(b3d9d354f6c2ab74281b635bbce66539) Importer(815301076,1909f56bfc062723c751e8b465ee728b)
Start importing Assets/Scripts/InventoryCard.cs using Guid(b3d9d354f6c2ab74281b635bbce66539) Importer(815301076,1909f56bfc062723c751e8b465ee728b)  -> (artifact id: 'e929f45dbf579d3cad52d32d53e91d9c') in 7.585033 seconds
  Import took 7.638663 seconds .

========================================================================
Received Prepare
Registering precompiled user dll's ...
Registered in 0.026651 seconds.
Begin MonoManager ReloadAssembly
Native extension for WindowsStandalone target not found
Refreshing native plugins compatible for Editor in 1.89 ms, found 3 plugins.
Preloading 0 native plugins for Editor in 0.00 ms.
Mono: successfully reloaded assembly
- Completed reload, in  5.668 seconds
Platform modules already initialized, skipping
Refreshing native plugins compatible for Editor in 1.07 ms, found 3 plugins.
Preloading 0 native plugins for Editor in 0.00 ms.
Unloading 2107 Unused Serialized files (Serialized files now loaded: 0)
System memory in use before: 93.9 MB.
System memory in use after: 93.9 MB.

Unloading 21 unused Assets to reduce memory usage. Loaded Objects now: 2587.
Total: 3.806500 ms (FindLiveObjects: 0.266100 ms CreateObjectMapping: 0.123700 ms MarkObjects: 2.951700 ms  DeleteObjects: 0.462800 ms)

========================================================================
Received Import Request.
  Time since last request: 24.479466 seconds.
  path: Assets/Prefabs/Inventory Card.prefab
  artifactKey: Guid(2805dfeb6e89470408edd3918e75c24e) Importer(815301076,1909f56bfc062723c751e8b465ee728b)
Start importing Assets/Prefabs/Inventory Card.prefab using Guid(2805dfeb6e89470408edd3918e75c24e) Importer(815301076,1909f56bfc062723c751e8b465ee728b)  -> (artifact id: '6917cbe554dfff6d0f589040795353c9') in 0.139305 seconds
  Import took 0.155873 seconds .

========================================================================
Received Import Request.
  Time since last request: 36.683616 seconds.
  path: Assets/Prefabs/Inventory Card.prefab
  artifactKey: Guid(2805dfeb6e89470408edd3918e75c24e) Importer(815301076,1909f56bfc062723c751e8b465ee728b)
Start importing Assets/Prefabs/Inventory Card.prefab using Guid(2805dfeb6e89470408edd3918e75c24e) Importer(815301076,1909f56bfc062723c751e8b465ee728b)  -> (artifact id: '1b97dbb61ebb412bf501be9a28519968') in 0.195119 seconds
  Import took 1.014335 seconds .

========================================================================
Received Import Request.
  Time since last request: 49.462454 seconds.
  path: Assets/Prefabs/Inventory Card.prefab
  artifactKey: Guid(2805dfeb6e89470408edd3918e75c24e) Importer(815301076,1909f56bfc062723c751e8b465ee728b)
Start importing Assets/Prefabs/Inventory Card.prefab using Guid(2805dfeb6e89470408edd3918e75c24e) Importer(815301076,1909f56bfc062723c751e8b465ee728b)  -> (artifact id: 'b598f2cddec3a359b41f081d809df518') in 0.095915 seconds
  Import took 0.112153 seconds .

========================================================================
Received Import Request.
  Time since last request: 3.946274 seconds.
  path: Assets/Prefabs/Inventory Card.prefab
  artifactKey: Guid(2805dfeb6e89470408edd3918e75c24e) Importer(815301076,1909f56bfc062723c751e8b465ee728b)
Start importing Assets/Prefabs/Inventory Card.prefab using Guid(2805dfeb6e89470408edd3918e75c24e) Importer(815301076,1909f56bfc062723c751e8b465ee728b)  -> (artifact id: 'f4f5c72f755580e438f1b897d2f11969') in 0.157254 seconds
  Import took 0.201148 seconds .

========================================================================
Received Import Request.
  Time since last request: 26.988205 seconds.
  path: Assets/Prefabs/Inventory Card.prefab
  artifactKey: Guid(2805dfeb6e89470408edd3918e75c24e) Importer(815301076,1909f56bfc062723c751e8b465ee728b)
Start importing Assets/Prefabs/Inventory Card.prefab using Guid(2805dfeb6e89470408edd3918e75c24e) Importer(815301076,1909f56bfc062723c751e8b465ee728b)  -> (artifact id: 'eb809c39c503d6eb922e4a48e60c2b6a') in 0.033170 seconds
  Import took 0.041179 seconds .

========================================================================
Received Import Request.
  Time since last request: 5.922390 seconds.
  path: Assets/Prefabs/Inventory Card.prefab
  artifactKey: Guid(2805dfeb6e89470408edd3918e75c24e) Importer(815301076,1909f56bfc062723c751e8b465ee728b)
Start importing Assets/Prefabs/Inventory Card.prefab using Guid(2805dfeb6e89470408edd3918e75c24e) Importer(815301076,1909f56bfc062723c751e8b465ee728b)  -> (artifact id: '4eb13ca815991f97983fefe47adb6b16') in 0.071994 seconds
  Import took 0.104736 seconds .

========================================================================
Received Import Request.
  Time since last request: 13.268862 seconds.
  path: Assets/Prefabs/Inventory Card.prefab
  artifactKey: Guid(2805dfeb6e89470408edd3918e75c24e) Importer(815301076,1909f56bfc062723c751e8b465ee728b)
Start importing Assets/Prefabs/Inventory Card.prefab using Guid(2805dfeb6e89470408edd3918e75c24e) Importer(815301076,1909f56bfc062723c751e8b465ee728b)  -> (artifact id: '209630968bdc55d446a25fd3510cd22a') in 0.074493 seconds
  Import took 0.127378 seconds .

========================================================================
Received Import Request.
  Time since last request: 6.189056 seconds.
  path: Assets/Prefabs/Inventory Card.prefab
  artifactKey: Guid(2805dfeb6e89470408edd3918e75c24e) Importer(815301076,1909f56bfc062723c751e8b465ee728b)
Start importing Assets/Prefabs/Inventory Card.prefab using Guid(2805dfeb6e89470408edd3918e75c24e) Importer(815301076,1909f56bfc062723c751e8b465ee728b)  -> (artifact id: '4b346d22f2477494b013b6e936d81e23') in 0.071392 seconds
  Import took 0.082417 seconds .

========================================================================
Received Import Request.
  Time since last request: 3.730753 seconds.
  path: Assets/Prefabs/Inventory Card.prefab
  artifactKey: Guid(2805dfeb6e89470408edd3918e75c24e) Importer(815301076,1909f56bfc062723c751e8b465ee728b)
Start importing Assets/Prefabs/Inventory Card.prefab using Guid(2805dfeb6e89470408edd3918e75c24e) Importer(815301076,1909f56bfc062723c751e8b465ee728b)  -> (artifact id: '1f64ea2b844b4e3e49fccb961ddc6e35') in 0.070720 seconds
  Import took 0.080053 seconds .

========================================================================
Received Import Request.
  Time since last request: 13.022422 seconds.
  path: Assets/Prefabs/Inventory Card.prefab
  artifactKey: Guid(2805dfeb6e89470408edd3918e75c24e) Importer(815301076,1909f56bfc062723c751e8b465ee728b)
Start importing Assets/Prefabs/Inventory Card.prefab using Guid(2805dfeb6e89470408edd3918e75c24e) Importer(815301076,1909f56bfc062723c751e8b465ee728b)  -> (artifact id: '02bd200a19795f2cfece232b8cdf2670') in 0.036526 seconds
  Import took 0.046488 seconds .

========================================================================
Received Import Request.
  Time since last request: 115.714168 seconds.
  path: Assets/Moblie_Game_GUI/gui_cut
  artifactKey: Guid(26aa480dc958171428c66e520eea2ba9) Importer(815301076,1909f56bfc062723c751e8b465ee728b)
Start importing Assets/Moblie_Game_GUI/gui_cut using Guid(26aa480dc958171428c66e520eea2ba9) Importer(815301076,1909f56bfc062723c751e8b465ee728b)  -> (artifact id: 'afa5d088f2d4af3fbc77608fe3a226cf') in 0.791913 seconds
  Import took 0.884009 seconds .

========================================================================
Received Import Request.
  Time since last request: 207.578642 seconds.
  path: Assets/Prefabs/Inventory Card.prefab
  artifactKey: Guid(2805dfeb6e89470408edd3918e75c24e) Importer(815301076,1909f56bfc062723c751e8b465ee728b)
Start importing Assets/Prefabs/Inventory Card.prefab using Guid(2805dfeb6e89470408edd3918e75c24e) Importer(815301076,1909f56bfc062723c751e8b465ee728b)  -> (artifact id: '4e5cdd1bcdd8a381305a6a28441180db') in 0.094619 seconds
  Import took 0.114656 seconds .

========================================================================
Received Prepare
Registering precompiled user dll's ...
Registered in 0.080019 seconds.
Begin MonoManager ReloadAssembly
Native extension for WindowsStandalone target not found
Refreshing native plugins compatible for Editor in 0.81 ms, found 3 plugins.
Preloading 0 native plugins for Editor in 0.00 ms.
Mono: successfully reloaded assembly
- Completed reload, in  2.779 seconds
Platform modules already initialized, skipping
Refreshing native plugins compatible for Editor in 1.33 ms, found 3 plugins.
Preloading 0 native plugins for Editor in 0.00 ms.
Unloading 2107 Unused Serialized files (Serialized files now loaded: 0)
System memory in use before: 94.0 MB.
System memory in use after: 93.9 MB.

Unloading 21 unused Assets to reduce memory usage. Loaded Objects now: 2590.
Total: 5.803000 ms (FindLiveObjects: 0.569800 ms CreateObjectMapping: 0.183500 ms MarkObjects: 4.669900 ms  DeleteObjects: 0.377200 ms)

========================================================================
Received Prepare
Registering precompiled user dll's ...
Registered in 0.015611 seconds.
Begin MonoManager ReloadAssembly
Native extension for WindowsStandalone target not found
Refreshing native plugins compatible for Editor in 1.19 ms, found 3 plugins.
Preloading 0 native plugins for Editor in 0.00 ms.
Mono: successfully reloaded assembly
- Completed reload, in  3.965 seconds
Platform modules already initialized, skipping
Refreshing native plugins compatible for Editor in 0.75 ms, found 3 plugins.
Preloading 0 native plugins for Editor in 0.00 ms.
Unloading 2107 Unused Serialized files (Serialized files now loaded: 0)
System memory in use before: 94.0 MB.
System memory in use after: 93.9 MB.

Unloading 21 unused Assets to reduce memory usage. Loaded Objects now: 2593.
Total: 4.340800 ms (FindLiveObjects: 0.603500 ms CreateObjectMapping: 0.211200 ms MarkObjects: 3.369400 ms  DeleteObjects: 0.154300 ms)

========================================================================
Received Prepare
Registering precompiled user dll's ...
Registered in 0.019538 seconds.
Begin MonoManager ReloadAssembly
Native extension for WindowsStandalone target not found
Refreshing native plugins compatible for Editor in 1.13 ms, found 3 plugins.
Preloading 0 native plugins for Editor in 0.00 ms.
Mono: successfully reloaded assembly
- Completed reload, in  9.844 seconds
Platform modules already initialized, skipping
Refreshing native plugins compatible for Editor in 2.14 ms, found 3 plugins.
Preloading 0 native plugins for Editor in 0.00 ms.
Unloading 2107 Unused Serialized files (Serialized files now loaded: 0)
System memory in use before: 94.0 MB.
System memory in use after: 94.0 MB.

Unloading 21 unused Assets to reduce memory usage. Loaded Objects now: 2596.
Total: 6.454100 ms (FindLiveObjects: 0.284800 ms CreateObjectMapping: 1.290700 ms MarkObjects: 4.610000 ms  DeleteObjects: 0.266100 ms)

========================================================================
Received Prepare
Registering precompiled user dll's ...
Registered in 0.015800 seconds.
Begin MonoManager ReloadAssembly
Native extension for WindowsStandalone target not found
Refreshing native plugins compatible for Editor in 1.58 ms, found 3 plugins.
Preloading 0 native plugins for Editor in 0.00 ms.
Mono: successfully reloaded assembly
- Completed reload, in  2.371 seconds
Platform modules already initialized, skipping
Refreshing native plugins compatible for Editor in 1.31 ms, found 3 plugins.
Preloading 0 native plugins for Editor in 0.00 ms.
Unloading 2107 Unused Serialized files (Serialized files now loaded: 0)
System memory in use before: 94.0 MB.
System memory in use after: 94.0 MB.

Unloading 21 unused Assets to reduce memory usage. Loaded Objects now: 2599.
Total: 11.729200 ms (FindLiveObjects: 0.925800 ms CreateObjectMapping: 0.413100 ms MarkObjects: 10.005900 ms  DeleteObjects: 0.381600 ms)

========================================================================
Received Prepare
Registering precompiled user dll's ...
Registered in 0.012734 seconds.
Begin MonoManager ReloadAssembly
Native extension for WindowsStandalone target not found
Refreshing native plugins compatible for Editor in 0.64 ms, found 3 plugins.
Preloading 0 native plugins for Editor in 0.00 ms.
Mono: successfully reloaded assembly
- Completed reload, in  5.776 seconds
Platform modules already initialized, skipping
Refreshing native plugins compatible for Editor in 0.97 ms, found 3 plugins.
Preloading 0 native plugins for Editor in 0.00 ms.
Unloading 2107 Unused Serialized files (Serialized files now loaded: 0)
System memory in use before: 94.0 MB.
System memory in use after: 94.0 MB.

Unloading 21 unused Assets to reduce memory usage. Loaded Objects now: 2602.
Total: 4.659200 ms (FindLiveObjects: 0.399900 ms CreateObjectMapping: 0.179700 ms MarkObjects: 3.815800 ms  DeleteObjects: 0.261800 ms)

========================================================================
Received Prepare
Registering precompiled user dll's ...
Registered in 0.017517 seconds.
Begin MonoManager ReloadAssembly
Native extension for WindowsStandalone target not found
Refreshing native plugins compatible for Editor in 2.14 ms, found 3 plugins.
Preloading 0 native plugins for Editor in 0.00 ms.
Mono: successfully reloaded assembly
- Completed reload, in  3.173 seconds
Platform modules already initialized, skipping
Refreshing native plugins compatible for Editor in 3.24 ms, found 3 plugins.
Preloading 0 native plugins for Editor in 0.00 ms.
Unloading 2107 Unused Serialized files (Serialized files now loaded: 0)
System memory in use before: 94.0 MB.
System memory in use after: 94.0 MB.

Unloading 21 unused Assets to reduce memory usage. Loaded Objects now: 2605.
Total: 7.627200 ms (FindLiveObjects: 0.285100 ms CreateObjectMapping: 0.140000 ms MarkObjects: 6.992600 ms  DeleteObjects: 0.207100 ms)

========================================================================
Received Prepare
Registering precompiled user dll's ...
Registered in 0.034175 seconds.
Begin MonoManager ReloadAssembly
Native extension for WindowsStandalone target not found
Refreshing native plugins compatible for Editor in 0.65 ms, found 3 plugins.
Preloading 0 native plugins for Editor in 0.00 ms.
Mono: successfully reloaded assembly
- Completed reload, in  2.433 seconds
Platform modules already initialized, skipping
Refreshing native plugins compatible for Editor in 3.45 ms, found 3 plugins.
Preloading 0 native plugins for Editor in 0.00 ms.
Unloading 2107 Unused Serialized files (Serialized files now loaded: 0)
System memory in use before: 94.0 MB.
System memory in use after: 94.0 MB.

Unloading 21 unused Assets to reduce memory usage. Loaded Objects now: 2608.
Total: 3.318600 ms (FindLiveObjects: 0.281600 ms CreateObjectMapping: 0.123300 ms MarkObjects: 2.662000 ms  DeleteObjects: 0.250000 ms)

========================================================================
Received Prepare
Registering precompiled user dll's ...
Registered in 0.022563 seconds.
Begin MonoManager ReloadAssembly
Native extension for WindowsStandalone target not found
Refreshing native plugins compatible for Editor in 2.51 ms, found 3 plugins.
Preloading 0 native plugins for Editor in 0.00 ms.
Mono: successfully reloaded assembly
- Completed reload, in  3.924 seconds
Platform modules already initialized, skipping
Refreshing native plugins compatible for Editor in 1.02 ms, found 3 plugins.
Preloading 0 native plugins for Editor in 0.00 ms.
Unloading 2107 Unused Serialized files (Serialized files now loaded: 0)
System memory in use before: 94.0 MB.
System memory in use after: 94.0 MB.

Unloading 21 unused Assets to reduce memory usage. Loaded Objects now: 2611.
Total: 13.975400 ms (FindLiveObjects: 0.494900 ms CreateObjectMapping: 0.371600 ms MarkObjects: 12.650900 ms  DeleteObjects: 0.454600 ms)

========================================================================
Received Prepare
Registering precompiled user dll's ...
Registered in 0.023381 seconds.
Begin MonoManager ReloadAssembly
Native extension for WindowsStandalone target not found
Refreshing native plugins compatible for Editor in 1.14 ms, found 3 plugins.
Preloading 0 native plugins for Editor in 0.00 ms.
Mono: successfully reloaded assembly
- Completed reload, in  3.202 seconds
Platform modules already initialized, skipping
Refreshing native plugins compatible for Editor in 0.61 ms, found 3 plugins.
Preloading 0 native plugins for Editor in 0.00 ms.
Unloading 2107 Unused Serialized files (Serialized files now loaded: 0)
System memory in use before: 94.0 MB.
System memory in use after: 94.0 MB.

Unloading 21 unused Assets to reduce memory usage. Loaded Objects now: 2614.
Total: 4.893900 ms (FindLiveObjects: 0.335200 ms CreateObjectMapping: 0.135700 ms MarkObjects: 3.992100 ms  DeleteObjects: 0.429100 ms)

========================================================================
Received Prepare
Registering precompiled user dll's ...
Registered in 0.030569 seconds.
Begin MonoManager ReloadAssembly
Native extension for WindowsStandalone target not found
Refreshing native plugins compatible for Editor in 0.64 ms, found 3 plugins.
Preloading 0 native plugins for Editor in 0.00 ms.
Mono: successfully reloaded assembly
- Completed reload, in  6.264 seconds
Platform modules already initialized, skipping
Refreshing native plugins compatible for Editor in 1.22 ms, found 3 plugins.
Preloading 0 native plugins for Editor in 0.00 ms.
Unloading 2107 Unused Serialized files (Serialized files now loaded: 0)
System memory in use before: 94.0 MB.
System memory in use after: 94.0 MB.

Unloading 21 unused Assets to reduce memory usage. Loaded Objects now: 2617.
Total: 9.213000 ms (FindLiveObjects: 0.391700 ms CreateObjectMapping: 0.142400 ms MarkObjects: 8.174300 ms  DeleteObjects: 0.502000 ms)

========================================================================
Received Prepare
Registering precompiled user dll's ...
Registered in 0.931915 seconds.
Begin MonoManager ReloadAssembly
Native extension for WindowsStandalone target not found
Refreshing native plugins compatible for Editor in 0.70 ms, found 3 plugins.
Preloading 0 native plugins for Editor in 0.00 ms.
Mono: successfully reloaded assembly
- Completed reload, in  2.708 seconds
Platform modules already initialized, skipping
Refreshing native plugins compatible for Editor in 0.61 ms, found 3 plugins.
Preloading 0 native plugins for Editor in 0.00 ms.
Unloading 2107 Unused Serialized files (Serialized files now loaded: 0)
System memory in use before: 94.0 MB.
System memory in use after: 94.0 MB.

Unloading 21 unused Assets to reduce memory usage. Loaded Objects now: 2620.
Total: 3.373100 ms (FindLiveObjects: 0.358100 ms CreateObjectMapping: 0.113900 ms MarkObjects: 2.747500 ms  DeleteObjects: 0.152100 ms)

========================================================================
Received Prepare
Registering precompiled user dll's ...
Registered in 0.023294 seconds.
Begin MonoManager ReloadAssembly
Native extension for WindowsStandalone target not found
Refreshing native plugins compatible for Editor in 1.15 ms, found 3 plugins.
Preloading 0 native plugins for Editor in 0.00 ms.
Mono: successfully reloaded assembly
- Completed reload, in  5.295 seconds
Platform modules already initialized, skipping
Refreshing native plugins compatible for Editor in 0.69 ms, found 3 plugins.
Preloading 0 native plugins for Editor in 0.00 ms.
Unloading 2107 Unused Serialized files (Serialized files now loaded: 0)
System memory in use before: 94.0 MB.
System memory in use after: 94.0 MB.

Unloading 21 unused Assets to reduce memory usage. Loaded Objects now: 2623.
Total: 3.281000 ms (FindLiveObjects: 0.363500 ms CreateObjectMapping: 0.112200 ms MarkObjects: 2.620900 ms  DeleteObjects: 0.182500 ms)

========================================================================
Received Prepare
Registering precompiled user dll's ...
Registered in 0.035707 seconds.
Begin MonoManager ReloadAssembly
Native extension for WindowsStandalone target not found
Refreshing native plugins compatible for Editor in 3.64 ms, found 3 plugins.
Preloading 0 native plugins for Editor in 0.00 ms.
Mono: successfully reloaded assembly
- Completed reload, in  6.680 seconds
Platform modules already initialized, skipping
Refreshing native plugins compatible for Editor in 0.88 ms, found 3 plugins.
Preloading 0 native plugins for Editor in 0.00 ms.
Unloading 2107 Unused Serialized files (Serialized files now loaded: 0)
System memory in use before: 94.1 MB.
System memory in use after: 94.0 MB.

Unloading 21 unused Assets to reduce memory usage. Loaded Objects now: 2626.
Total: 10.029300 ms (FindLiveObjects: 0.685400 ms CreateObjectMapping: 0.180100 ms MarkObjects: 7.665500 ms  DeleteObjects: 1.495400 ms)

========================================================================
Received Prepare
Registering precompiled user dll's ...
Registered in 0.040107 seconds.
Begin MonoManager ReloadAssembly
Native extension for WindowsStandalone target not found
Refreshing native plugins compatible for Editor in 0.63 ms, found 3 plugins.
Preloading 0 native plugins for Editor in 0.00 ms.
Mono: successfully reloaded assembly
- Completed reload, in  4.330 seconds
Platform modules already initialized, skipping
Refreshing native plugins compatible for Editor in 0.73 ms, found 3 plugins.
Preloading 0 native plugins for Editor in 0.00 ms.
Unloading 2107 Unused Serialized files (Serialized files now loaded: 0)
System memory in use before: 94.1 MB.
System memory in use after: 94.0 MB.

Unloading 21 unused Assets to reduce memory usage. Loaded Objects now: 2629.
Total: 5.315000 ms (FindLiveObjects: 0.497800 ms CreateObjectMapping: 0.203600 ms MarkObjects: 4.401100 ms  DeleteObjects: 0.209400 ms)

========================================================================
Received Prepare
Registering precompiled user dll's ...
Registered in 0.016166 seconds.
Begin MonoManager ReloadAssembly
Native extension for WindowsStandalone target not found
Refreshing native plugins compatible for Editor in 0.64 ms, found 3 plugins.
Preloading 0 native plugins for Editor in 0.00 ms.
Mono: successfully reloaded assembly
- Completed reload, in  5.888 seconds
Platform modules already initialized, skipping
Refreshing native plugins compatible for Editor in 1.40 ms, found 3 plugins.
Preloading 0 native plugins for Editor in 0.00 ms.
Unloading 2107 Unused Serialized files (Serialized files now loaded: 0)
System memory in use before: 94.1 MB.
System memory in use after: 94.0 MB.

Unloading 21 unused Assets to reduce memory usage. Loaded Objects now: 2632.
Total: 4.014700 ms (FindLiveObjects: 0.293600 ms CreateObjectMapping: 0.118100 ms MarkObjects: 3.376500 ms  DeleteObjects: 0.224600 ms)

========================================================================
Received Prepare
Registering precompiled user dll's ...
Registered in 0.023966 seconds.
Begin MonoManager ReloadAssembly
Native extension for WindowsStandalone target not found
Refreshing native plugins compatible for Editor in 0.85 ms, found 3 plugins.
Preloading 0 native plugins for Editor in 0.00 ms.
Mono: successfully reloaded assembly
- Completed reload, in  2.642 seconds
Platform modules already initialized, skipping
Refreshing native plugins compatible for Editor in 0.65 ms, found 3 plugins.
Preloading 0 native plugins for Editor in 0.00 ms.
Unloading 2107 Unused Serialized files (Serialized files now loaded: 0)
System memory in use before: 94.1 MB.
System memory in use after: 94.1 MB.

Unloading 21 unused Assets to reduce memory usage. Loaded Objects now: 2635.
Total: 4.161700 ms (FindLiveObjects: 0.268000 ms CreateObjectMapping: 0.113700 ms MarkObjects: 3.342000 ms  DeleteObjects: 0.435700 ms)

========================================================================
Received Prepare
Registering precompiled user dll's ...
Registered in 0.017314 seconds.
Begin MonoManager ReloadAssembly
Native extension for WindowsStandalone target not found
Refreshing native plugins compatible for Editor in 0.62 ms, found 3 plugins.
Preloading 0 native plugins for Editor in 0.00 ms.
Mono: successfully reloaded assembly
- Completed reload, in  2.717 seconds
Platform modules already initialized, skipping
Refreshing native plugins compatible for Editor in 0.69 ms, found 3 plugins.
Preloading 0 native plugins for Editor in 0.00 ms.
Unloading 2107 Unused Serialized files (Serialized files now loaded: 0)
System memory in use before: 94.1 MB.
System memory in use after: 94.1 MB.

Unloading 21 unused Assets to reduce memory usage. Loaded Objects now: 2638.
Total: 3.799800 ms (FindLiveObjects: 0.279900 ms CreateObjectMapping: 0.117200 ms MarkObjects: 3.132800 ms  DeleteObjects: 0.268600 ms)

========================================================================
Received Import Request.
  Time since last request: 2792.888206 seconds.
  path: Assets/Prefabs/Inventory Card.prefab
  artifactKey: Guid(2805dfeb6e89470408edd3918e75c24e) Importer(815301076,1909f56bfc062723c751e8b465ee728b)
Start importing Assets/Prefabs/Inventory Card.prefab using Guid(2805dfeb6e89470408edd3918e75c24e) Importer(815301076,1909f56bfc062723c751e8b465ee728b)  -> (artifact id: '5979a0f408bc1ea1a6da9eef9bf87caf') in 0.147447 seconds
  Import took 0.162452 seconds .

========================================================================
Received Prepare
Registering precompiled user dll's ...
Registered in 0.015274 seconds.
Begin MonoManager ReloadAssembly
Native extension for WindowsStandalone target not found
Refreshing native plugins compatible for Editor in 1.02 ms, found 3 plugins.
Preloading 0 native plugins for Editor in 0.00 ms.
Mono: successfully reloaded assembly
- Completed reload, in  3.727 seconds
Platform modules already initialized, skipping
Refreshing native plugins compatible for Editor in 0.65 ms, found 3 plugins.
Preloading 0 native plugins for Editor in 0.00 ms.
Unloading 2107 Unused Serialized files (Serialized files now loaded: 0)
System memory in use before: 94.1 MB.
System memory in use after: 94.1 MB.

Unloading 21 unused Assets to reduce memory usage. Loaded Objects now: 2641.
Total: 13.824800 ms (FindLiveObjects: 0.762400 ms CreateObjectMapping: 0.228600 ms MarkObjects: 12.609600 ms  DeleteObjects: 0.221900 ms)

========================================================================
Received Prepare
Registering precompiled user dll's ...
Registered in 0.018828 seconds.
Begin MonoManager ReloadAssembly
Native extension for WindowsStandalone target not found
Refreshing native plugins compatible for Editor in 0.79 ms, found 3 plugins.
Preloading 0 native plugins for Editor in 0.00 ms.
Mono: successfully reloaded assembly
- Completed reload, in  3.490 seconds
Platform modules already initialized, skipping
Refreshing native plugins compatible for Editor in 0.67 ms, found 3 plugins.
Preloading 0 native plugins for Editor in 0.00 ms.
Unloading 2107 Unused Serialized files (Serialized files now loaded: 0)
System memory in use before: 94.1 MB.
System memory in use after: 94.1 MB.

Unloading 21 unused Assets to reduce memory usage. Loaded Objects now: 2644.
Total: 3.549300 ms (FindLiveObjects: 0.481900 ms CreateObjectMapping: 0.149500 ms MarkObjects: 2.632400 ms  DeleteObjects: 0.283300 ms)

========================================================================
Received Import Request.
  Time since last request: 147.225090 seconds.
  path: Assets/Prefabs/Inventory Card.prefab
  artifactKey: Guid(2805dfeb6e89470408edd3918e75c24e) Importer(815301076,1909f56bfc062723c751e8b465ee728b)
Start importing Assets/Prefabs/Inventory Card.prefab using Guid(2805dfeb6e89470408edd3918e75c24e) Importer(815301076,1909f56bfc062723c751e8b465ee728b)  -> (artifact id: 'b6e655e68c6ab5743fea8a47c70857d9') in 0.212944 seconds
  Import took 0.222100 seconds .

========================================================================
Received Prepare
Registering precompiled user dll's ...
Registered in 0.033315 seconds.
Begin MonoManager ReloadAssembly
Native extension for WindowsStandalone target not found
Refreshing native plugins compatible for Editor in 0.73 ms, found 3 plugins.
Preloading 0 native plugins for Editor in 0.00 ms.
Mono: successfully reloaded assembly
- Completed reload, in  2.943 seconds
Platform modules already initialized, skipping
Refreshing native plugins compatible for Editor in 0.65 ms, found 3 plugins.
Preloading 0 native plugins for Editor in 0.00 ms.
Unloading 2107 Unused Serialized files (Serialized files now loaded: 0)
System memory in use before: 94.1 MB.
System memory in use after: 94.1 MB.

Unloading 21 unused Assets to reduce memory usage. Loaded Objects now: 2647.
Total: 4.344700 ms (FindLiveObjects: 0.366400 ms CreateObjectMapping: 0.122100 ms MarkObjects: 3.641500 ms  DeleteObjects: 0.211800 ms)

========================================================================
Received Prepare
Registering precompiled user dll's ...
Registered in 0.037806 seconds.
Begin MonoManager ReloadAssembly
Native extension for WindowsStandalone target not found
Refreshing native plugins compatible for Editor in 0.65 ms, found 3 plugins.
Preloading 0 native plugins for Editor in 0.00 ms.
Mono: successfully reloaded assembly
- Completed reload, in  2.581 seconds
Platform modules already initialized, skipping
Refreshing native plugins compatible for Editor in 0.80 ms, found 3 plugins.
Preloading 0 native plugins for Editor in 0.00 ms.
Unloading 2107 Unused Serialized files (Serialized files now loaded: 0)
System memory in use before: 94.1 MB.
System memory in use after: 94.1 MB.

Unloading 21 unused Assets to reduce memory usage. Loaded Objects now: 2650.
Total: 10.002700 ms (FindLiveObjects: 0.340000 ms CreateObjectMapping: 0.178700 ms MarkObjects: 6.144300 ms  DeleteObjects: 3.336000 ms)

========================================================================
Received Prepare
Registering precompiled user dll's ...
Registered in 0.013560 seconds.
Begin MonoManager ReloadAssembly
Native extension for WindowsStandalone target not found
Refreshing native plugins compatible for Editor in 3.32 ms, found 3 plugins.
Preloading 0 native plugins for Editor in 0.00 ms.
Mono: successfully reloaded assembly
- Completed reload, in  4.938 seconds
Platform modules already initialized, skipping
Refreshing native plugins compatible for Editor in 1.09 ms, found 3 plugins.
Preloading 0 native plugins for Editor in 0.00 ms.
Unloading 2107 Unused Serialized files (Serialized files now loaded: 0)
System memory in use before: 94.1 MB.
System memory in use after: 94.1 MB.

Unloading 21 unused Assets to reduce memory usage. Loaded Objects now: 2653.
Total: 4.944000 ms (FindLiveObjects: 0.323900 ms CreateObjectMapping: 0.114500 ms MarkObjects: 4.340000 ms  DeleteObjects: 0.163700 ms)

========================================================================
Received Prepare
Registering precompiled user dll's ...
Registered in 0.031770 seconds.
Begin MonoManager ReloadAssembly
Native extension for WindowsStandalone target not found
Refreshing native plugins compatible for Editor in 1.87 ms, found 3 plugins.
Preloading 0 native plugins for Editor in 0.00 ms.
Mono: successfully reloaded assembly
- Completed reload, in  4.827 seconds
Platform modules already initialized, skipping
Refreshing native plugins compatible for Editor in 1.87 ms, found 3 plugins.
Preloading 0 native plugins for Editor in 0.00 ms.
Unloading 2107 Unused Serialized files (Serialized files now loaded: 0)
System memory in use before: 94.1 MB.
System memory in use after: 94.1 MB.

Unloading 21 unused Assets to reduce memory usage. Loaded Objects now: 2656.
Total: 6.257600 ms (FindLiveObjects: 0.444700 ms CreateObjectMapping: 0.219300 ms MarkObjects: 5.388200 ms  DeleteObjects: 0.202800 ms)

========================================================================
Received Prepare
Registering precompiled user dll's ...
Registered in 0.010314 seconds.
Begin MonoManager ReloadAssembly
Native extension for WindowsStandalone target not found
Refreshing native plugins compatible for Editor in 2.91 ms, found 3 plugins.
Preloading 0 native plugins for Editor in 0.00 ms.
Mono: successfully reloaded assembly
- Completed reload, in  4.434 seconds
Platform modules already initialized, skipping
Refreshing native plugins compatible for Editor in 0.64 ms, found 3 plugins.
Preloading 0 native plugins for Editor in 0.00 ms.
Unloading 2107 Unused Serialized files (Serialized files now loaded: 0)
System memory in use before: 94.2 MB.
System memory in use after: 94.1 MB.

Unloading 21 unused Assets to reduce memory usage. Loaded Objects now: 2659.
Total: 3.526600 ms (FindLiveObjects: 0.276600 ms CreateObjectMapping: 0.175400 ms MarkObjects: 2.846400 ms  DeleteObjects: 0.226700 ms)

========================================================================
Received Import Request.
  Time since last request: 225.028636 seconds.
  path: Assets/Prefabs/Inventory Card.prefab
  artifactKey: Guid(2805dfeb6e89470408edd3918e75c24e) Importer(815301076,1909f56bfc062723c751e8b465ee728b)
Start importing Assets/Prefabs/Inventory Card.prefab using Guid(2805dfeb6e89470408edd3918e75c24e) Importer(815301076,1909f56bfc062723c751e8b465ee728b)  -> (artifact id: 'c373090f4ebd4873909f61a1af0b22db') in 0.147498 seconds
  Import took 0.159350 seconds .

========================================================================
Received Prepare
Registering precompiled user dll's ...
Registered in 0.018645 seconds.
Begin MonoManager ReloadAssembly
Native extension for WindowsStandalone target not found
Refreshing native plugins compatible for Editor in 1.24 ms, found 3 plugins.
Preloading 0 native plugins for Editor in 0.00 ms.
Mono: successfully reloaded assembly
- Completed reload, in  8.939 seconds
Platform modules already initialized, skipping
Refreshing native plugins compatible for Editor in 0.62 ms, found 3 plugins.
Preloading 0 native plugins for Editor in 0.00 ms.
Unloading 2107 Unused Serialized files (Serialized files now loaded: 0)
System memory in use before: 94.2 MB.
System memory in use after: 94.1 MB.

Unloading 21 unused Assets to reduce memory usage. Loaded Objects now: 2662.
Total: 3.694300 ms (FindLiveObjects: 0.549900 ms CreateObjectMapping: 0.220700 ms MarkObjects: 2.765800 ms  DeleteObjects: 0.155100 ms)

========================================================================
Received Import Request.
  Time since last request: 77.128871 seconds.
  path: Assets/Prefabs/Inventory Card.prefab
  artifactKey: Guid(2805dfeb6e89470408edd3918e75c24e) Importer(815301076,1909f56bfc062723c751e8b465ee728b)
Start importing Assets/Prefabs/Inventory Card.prefab using Guid(2805dfeb6e89470408edd3918e75c24e) Importer(815301076,1909f56bfc062723c751e8b465ee728b)  -> (artifact id: '800b96caf1666717fcc5b465595f0459') in 0.119750 seconds
  Import took 0.129387 seconds .

========================================================================
Received Prepare
Registering precompiled user dll's ...
Registered in 0.032391 seconds.
Begin MonoManager ReloadAssembly
Native extension for WindowsStandalone target not found
Refreshing native plugins compatible for Editor in 0.78 ms, found 3 plugins.
Preloading 0 native plugins for Editor in 0.00 ms.
Mono: successfully reloaded assembly
- Completed reload, in  2.379 seconds
Platform modules already initialized, skipping
Refreshing native plugins compatible for Editor in 1.01 ms, found 3 plugins.
Preloading 0 native plugins for Editor in 0.00 ms.
Unloading 2107 Unused Serialized files (Serialized files now loaded: 0)
System memory in use before: 94.2 MB.
System memory in use after: 94.1 MB.

Unloading 21 unused Assets to reduce memory usage. Loaded Objects now: 2665.
Total: 6.134000 ms (FindLiveObjects: 0.636300 ms CreateObjectMapping: 0.251000 ms MarkObjects: 5.065100 ms  DeleteObjects: 0.179300 ms)

========================================================================
Received Prepare
Registering precompiled user dll's ...
Registered in 0.218914 seconds.
Begin MonoManager ReloadAssembly
Native extension for WindowsStandalone target not found
Refreshing native plugins compatible for Editor in 1.48 ms, found 3 plugins.
Preloading 0 native plugins for Editor in 0.00 ms.
Mono: successfully reloaded assembly
- Completed reload, in  2.971 seconds
Platform modules already initialized, skipping
Refreshing native plugins compatible for Editor in 3.06 ms, found 3 plugins.
Preloading 0 native plugins for Editor in 0.00 ms.
Unloading 2107 Unused Serialized files (Serialized files now loaded: 0)
System memory in use before: 94.2 MB.
System memory in use after: 94.1 MB.

Unloading 21 unused Assets to reduce memory usage. Loaded Objects now: 2668.
Total: 3.837900 ms (FindLiveObjects: 0.285600 ms CreateObjectMapping: 0.113000 ms MarkObjects: 3.113400 ms  DeleteObjects: 0.323300 ms)

========================================================================
Received Prepare
Registering precompiled user dll's ...
Registered in 0.052569 seconds.
Begin MonoManager ReloadAssembly
Native extension for WindowsStandalone target not found
Refreshing native plugins compatible for Editor in 1.04 ms, found 3 plugins.
Preloading 0 native plugins for Editor in 0.00 ms.
Mono: successfully reloaded assembly
- Completed reload, in  3.992 seconds
Platform modules already initialized, skipping
Refreshing native plugins compatible for Editor in 0.65 ms, found 3 plugins.
Preloading 0 native plugins for Editor in 0.00 ms.
Unloading 2107 Unused Serialized files (Serialized files now loaded: 0)
System memory in use before: 94.2 MB.
System memory in use after: 94.2 MB.

Unloading 21 unused Assets to reduce memory usage. Loaded Objects now: 2671.
Total: 4.129400 ms (FindLiveObjects: 0.284800 ms CreateObjectMapping: 0.122800 ms MarkObjects: 3.563800 ms  DeleteObjects: 0.156200 ms)

========================================================================
Received Prepare
Registering precompiled user dll's ...
Registered in 0.025550 seconds.
Begin MonoManager ReloadAssembly
Native extension for WindowsStandalone target not found
Refreshing native plugins compatible for Editor in 1.17 ms, found 3 plugins.
Preloading 0 native plugins for Editor in 0.00 ms.
Mono: successfully reloaded assembly
- Completed reload, in  5.681 seconds
Platform modules already initialized, skipping
Refreshing native plugins compatible for Editor in 0.71 ms, found 3 plugins.
Preloading 0 native plugins for Editor in 0.00 ms.
Unloading 2107 Unused Serialized files (Serialized files now loaded: 0)
System memory in use before: 94.2 MB.
System memory in use after: 94.2 MB.

Unloading 21 unused Assets to reduce memory usage. Loaded Objects now: 2674.
Total: 3.239700 ms (FindLiveObjects: 0.287500 ms CreateObjectMapping: 0.112900 ms MarkObjects: 2.677600 ms  DeleteObjects: 0.157300 ms)

========================================================================
Received Prepare
Registering precompiled user dll's ...
Registered in 0.016424 seconds.
Begin MonoManager ReloadAssembly
Native extension for WindowsStandalone target not found
Refreshing native plugins compatible for Editor in 0.63 ms, found 3 plugins.
Preloading 0 native plugins for Editor in 0.00 ms.
Mono: successfully reloaded assembly
- Completed reload, in  3.851 seconds
Platform modules already initialized, skipping
Refreshing native plugins compatible for Editor in 0.74 ms, found 3 plugins.
Preloading 0 native plugins for Editor in 0.00 ms.
Unloading 2107 Unused Serialized files (Serialized files now loaded: 0)
System memory in use before: 94.2 MB.
System memory in use after: 94.2 MB.

Unloading 21 unused Assets to reduce memory usage. Loaded Objects now: 2677.
Total: 4.675500 ms (FindLiveObjects: 0.286700 ms CreateObjectMapping: 0.115100 ms MarkObjects: 4.077300 ms  DeleteObjects: 0.194500 ms)

========================================================================
Received Prepare
Registering precompiled user dll's ...
Registered in 0.052785 seconds.
Begin MonoManager ReloadAssembly
Native extension for WindowsStandalone target not found
Refreshing native plugins compatible for Editor in 1.01 ms, found 3 plugins.
Preloading 0 native plugins for Editor in 0.00 ms.
Mono: successfully reloaded assembly
- Completed reload, in  2.153 seconds
Platform modules already initialized, skipping
Refreshing native plugins compatible for Editor in 0.70 ms, found 3 plugins.
Preloading 0 native plugins for Editor in 0.00 ms.
Unloading 2107 Unused Serialized files (Serialized files now loaded: 0)
System memory in use before: 94.2 MB.
System memory in use after: 94.2 MB.

Unloading 21 unused Assets to reduce memory usage. Loaded Objects now: 2680.
Total: 7.264000 ms (FindLiveObjects: 0.409300 ms CreateObjectMapping: 0.129400 ms MarkObjects: 6.504100 ms  DeleteObjects: 0.219300 ms)

